
> @fora/forge@0.1.0 dev /home/arunachalam.v@knackforge.com/.paperclip/instances/default/projects/3fde3945-9dcb-4c43-95b3-4e4e9db6ffe9/bb09220b-5ed2-47b3-9c58-d3e05cefb413/_default/apps/forge
> next dev -p ${FORA_FORGE_PORT:-3000} -H ${FORA_FORGE_HOST:-0.0.0.0}

   ▲ Next.js 15.0.3
   - Local:        http://localhost:3000
   - Network:      http://0.0.0.0:3000

 ✓ Starting...
 ✓ Ready in 2.1s
 ○ Compiling /healthz ...
 ✓ Compiled /healthz in 2.4s (317 modules)
 GET /healthz 200 in 18ms
 GET /healthz 200 in 24ms
 ○ Compiling /personas/pm ...
 ✓ Compiled /personas/pm in 10.2s (648 modules)
 GET /personas/pm 200 in 10648ms
 ○ Compiling / ...
 ✓ Compiled / in 619ms (650 modules)
 GET / 200 in 738ms
 ✓ Compiled /api/persona in 321ms (638 modules)
 POST /api/persona 200 in 402ms
 GET /personas/pm 200 in 99ms
 POST /api/persona 200 in 14ms
 ○ Compiling /personas/eng-lead ...
 ✓ Compiled /personas/eng-lead in 793ms (658 modules)
 GET /personas/eng-lead 200 in 1120ms
 POST /api/persona 200 in 30ms
 ○ Compiling /personas/cto ...
 ✓ Compiled /personas/cto in 544ms (660 modules)
 GET /personas/cto 200 in 727ms
 ○ Compiling /runs/[id] ...
 ✓ Compiled /runs/[id] in 758ms (681 modules)
DEBUG indexStages rows: [
  {
    id: '0de3f39a-f417-4881-a505-dba032f96076',
    run_id: '00000000-0000-4000-8000-000000000001',
    stage: 'ideation',
    status: 'succeeded',
    decision: null,
    started_at: '2026-06-20T19:54:06.647Z',
    finished_at: '2026-06-20T19:54:06.647Z'
  },
  {
    id: '42f9a434-b4c6-4169-8773-0c33cd949e4e',
    run_id: '00000000-0000-4000-8000-000000000001',
    stage: 'architect',
    status: 'in_progress',
    decision: null,
    started_at: '2026-06-20T19:54:06.647Z',
    finished_at: null
  },
  {
    id: 'fc161a11-3ef6-4722-85a8-a0db3f0d16c4',
    run_id: '00000000-0000-4000-8000-000000000001',
    stage: 'dev',
    status: 'pending',
    decision: null,
    started_at: null,
    finished_at: null
  },
  {
    id: '35b356c3-18cc-4594-a376-6a93dc01ccaf',
    run_id: '00000000-0000-4000-8000-000000000001',
    stage: 'qa',
    status: 'pending',
    decision: null,
    started_at: null,
    finished_at: null
  },
  {
    id: '58f2e6d3-14ff-4cf3-9bfd-d01c9cddb54e',
    run_id: '00000000-0000-4000-8000-000000000001',
    stage: 'security',
    status: 'pending',
    decision: null,
    started_at: null,
    finished_at: null
  },
  {
    id: 'd1e343f3-d347-4364-b502-1bc143a419cd',
    run_id: '00000000-0000-4000-8000-000000000001',
    stage: 'devops',
    status: 'pending',
    decision: null,
    started_at: null,
    finished_at: null
  },
  {
    id: '48277a60-46ec-4248-8406-6465356ed2af',
    run_id: '00000000-0000-4000-8000-000000000001',
    stage: 'docs',
    status: 'pending',
    decision: null,
    started_at: null,
    finished_at: null
  }
]
 GET /runs/demo-run-001 200 in 1560ms
DEBUG indexStages rows: [
  {
    id: '0de3f39a-f417-4881-a505-dba032f96076',
    run_id: '00000000-0000-4000-8000-000000000001',
    stage: 'ideation',
    status: 'succeeded',
    decision: null,
    started_at: '2026-06-20T19:54:06.647Z',
    finished_at: '2026-06-20T19:54:06.647Z'
  },
  {
    id: '42f9a434-b4c6-4169-8773-0c33cd949e4e',
    run_id: '00000000-0000-4000-8000-000000000001',
    stage: 'architect',
    status: 'in_progress',
    decision: null,
    started_at: '2026-06-20T19:54:06.647Z',
    finished_at: null
  },
  {
    id: 'fc161a11-3ef6-4722-85a8-a0db3f0d16c4',
    run_id: '00000000-0000-4000-8000-000000000001',
    stage: 'dev',
    status: 'pending',
    decision: null,
    started_at: null,
    finished_at: null
  },
  {
    id: '35b356c3-18cc-4594-a376-6a93dc01ccaf',
    run_id: '00000000-0000-4000-8000-000000000001',
    stage: 'qa',
    status: 'pending',
    decision: null,
    started_at: null,
    finished_at: null
  },
  {
    id: '58f2e6d3-14ff-4cf3-9bfd-d01c9cddb54e',
    run_id: '00000000-0000-4000-8000-000000000001',
    stage: 'security',
    status: 'pending',
    decision: null,
    started_at: null,
    finished_at: null
  },
  {
    id: 'd1e343f3-d347-4364-b502-1bc143a419cd',
    run_id: '00000000-0000-4000-8000-000000000001',
    stage: 'devops',
    status: 'pending',
    decision: null,
    started_at: null,
    finished_at: null
  },
  {
    id: '48277a60-46ec-4248-8406-6465356ed2af',
    run_id: '00000000-0000-4000-8000-000000000001',
    stage: 'docs',
    status: 'pending',
    decision: null,
    started_at: null,
    finished_at: null
  }
]
 GET /runs/demo-run-001 200 in 117ms
DEBUG indexStages rows: [
  {
    id: '0de3f39a-f417-4881-a505-dba032f96076',
    run_id: '00000000-0000-4000-8000-000000000001',
    stage: 'ideation',
    status: 'succeeded',
    decision: null,
    started_at: '2026-06-20T19:54:06.647Z',
    finished_at: '2026-06-20T19:54:06.647Z'
  },
  {
    id: '42f9a434-b4c6-4169-8773-0c33cd949e4e',
    run_id: '00000000-0000-4000-8000-000000000001',
    stage: 'architect',
    status: 'in_progress',
    decision: null,
    started_at: '2026-06-20T19:54:06.647Z',
    finished_at: null
  },
  {
    id: 'fc161a11-3ef6-4722-85a8-a0db3f0d16c4',
    run_id: '00000000-0000-4000-8000-000000000001',
    stage: 'dev',
    status: 'pending',
    decision: null,
    started_at: null,
    finished_at: null
  },
  {
    id: '35b356c3-18cc-4594-a376-6a93dc01ccaf',
    run_id: '00000000-0000-4000-8000-000000000001',
    stage: 'qa',
    status: 'pending',
    decision: null,
    started_at: null,
    finished_at: null
  },
  {
    id: '58f2e6d3-14ff-4cf3-9bfd-d01c9cddb54e',
    run_id: '00000000-0000-4000-8000-000000000001',
    stage: 'security',
    status: 'pending',
    decision: null,
    started_at: null,
    finished_at: null
  },
  {
    id: 'd1e343f3-d347-4364-b502-1bc143a419cd',
    run_id: '00000000-0000-4000-8000-000000000001',
    stage: 'devops',
    status: 'pending',
    decision: null,
    started_at: null,
    finished_at: null
  },
  {
    id: '48277a60-46ec-4248-8406-6465356ed2af',
    run_id: '00000000-0000-4000-8000-000000000001',
    stage: 'docs',
    status: 'pending',
    decision: null,
    started_at: null,
    finished_at: null
  }
]
 GET /runs/demo-run-001 200 in 59ms
 GET /runs/unknown-run 404 in 53ms

> @fora/forge@0.1.0 dev /home/arunachalam.v@knackforge.com/.paperclip/instances/default/projects/3fde3945-9dcb-4c43-95b3-4e4e9db6ffe9/bb09220b-5ed2-47b3-9c58-d3e05cefb413/_default/apps/forge
> next dev -p ${FORA_FORGE_PORT:-3000} -H ${FORA_FORGE_HOST:-0.0.0.0}

 ⨯ Failed to start server
Error: listen EADDRINUSE: address already in use 0.0.0.0:3000
    at <unknown> (Error: listen EADDRINUSE: address already in use 0.0.0.0:3000) {
  code: 'EADDRINUSE',
  errno: -98,
  syscall: 'listen',
  address: '0.0.0.0',
  port: 3000
}
[?25h

> @fora/forge@0.1.0 dev /home/arunachalam.v@knackforge.com/.paperclip/instances/default/projects/3fde3945-9dcb-4c43-95b3-4e4e9db6ffe9/bb09220b-5ed2-47b3-9c58-d3e05cefb413/_default/apps/forge
> next dev -p ${FORA_FORGE_PORT:-3000} -H ${FORA_FORGE_HOST:-0.0.0.0}

 ⨯ Failed to start server
Error: listen EADDRINUSE: address already in use 0.0.0.0:3000
    at <unknown> (Error: listen EADDRINUSE: address already in use 0.0.0.0:3000) {
  code: 'EADDRINUSE',
  errno: -98,
  syscall: 'listen',
  address: '0.0.0.0',
  port: 3000
}
[?25h

> @fora/forge@0.1.0 dev /home/arunachalam.v@knackforge.com/.paperclip/instances/default/projects/3fde3945-9dcb-4c43-95b3-4e4e9db6ffe9/bb09220b-5ed2-47b3-9c58-d3e05cefb413/_default/apps/forge
> next dev -p ${FORA_FORGE_PORT:-3000} -H ${FORA_FORGE_HOST:-0.0.0.0}

   ▲ Next.js 15.0.3
   - Local:        http://localhost:3000
   - Network:      http://0.0.0.0:3000

 ✓ Starting...
 ✓ Ready in 1998ms
 ○ Compiling /healthz ...
 ✓ Compiled /healthz in 5s (317 modules)
 GET /healthz 200 in 2276ms
 GET /healthz 200 in 18ms
 ○ Compiling /personas/pm ...
 ✓ Compiled /personas/pm in 6.9s (648 modules)
 GET /personas/pm 200 in 7206ms
 ✓ Compiled / in 445ms (650 modules)
 GET / 200 in 564ms
 ✓ Compiled /api/persona in 274ms (638 modules)
 POST /api/persona 200 in 341ms
 GET /personas/pm 200 in 90ms
 POST /api/persona 200 in 15ms
 ○ Compiling /personas/eng-lead ...
 ✓ Compiled /personas/eng-lead in 653ms (658 modules)
 GET /personas/eng-lead 200 in 838ms
 POST /api/persona 200 in 24ms
 ✓ Compiled /personas/cto in 411ms (660 modules)
 GET /personas/cto 200 in 619ms
 ○ Compiling /runs/[id] ...
 ✓ Compiled /runs/[id] in 677ms (681 modules)
 GET /runs/demo-run-001 500 in 1722ms
 ⨯ lib/api.ts (81:11) @ request
 ⨯ OrchestratorError: orchestrator returned 401
    at request (./lib/api.ts:79:15)
    at async Promise.all (index 0)
    at async RunDetailPage (./app/runs/[id]/page.tsx:42:31)
digest: "1297062481"
  79 |         ? String((body as { message: unknown }).message)
  80 |         : `orchestrator returned ${res.status}`;
> 81 |     throw new OrchestratorError(message, res.status, body);
     |           ^
  82 |   }
  83 |   return body as T;
  84 | }
 ⨯ lib/api.ts (81:11) @ request
 ⨯ OrchestratorError: orchestrator returned 401
    at request (./lib/api.ts:79:15)
    at async Promise.all (index 0)
    at async RunDetailPage (./app/runs/[id]/page.tsx:42:31)
digest: "1297062481"
  79 |         ? String((body as { message: unknown }).message)
  80 |         : `orchestrator returned ${res.status}`;
> 81 |     throw new OrchestratorError(message, res.status, body);
     |           ^
  82 |   }
  83 |   return body as T;
  84 | }
 GET /runs/demo-run-001 500 in 117ms
 ⨯ lib/api.ts (81:11) @ request
 ⨯ OrchestratorError: orchestrator returned 401
    at request (./lib/api.ts:79:15)
    at async Promise.all (index 0)
    at async RunDetailPage (./app/runs/[id]/page.tsx:42:31)
digest: "1297062481"
  79 |         ? String((body as { message: unknown }).message)
  80 |         : `orchestrator returned ${res.status}`;
> 81 |     throw new OrchestratorError(message, res.status, body);
     |           ^
  82 |   }
  83 |   return body as T;
  84 | }
 GET /runs/demo-run-001 500 in 83ms
 ⨯ lib/api.ts (81:11) @ request
 ⨯ OrchestratorError: orchestrator returned 401
    at request (./lib/api.ts:79:15)
    at async Promise.all (index 0)
    at async RunDetailPage (./app/runs/[id]/page.tsx:42:31)
digest: "1297062481"
  79 |         ? String((body as { message: unknown }).message)
  80 |         : `orchestrator returned ${res.status}`;
> 81 |     throw new OrchestratorError(message, res.status, body);
     |           ^
  82 |   }
  83 |   return body as T;
  84 | }
 GET /runs/unknown-run 500 in 66ms

> @fora/forge@0.1.0 dev /home/arunachalam.v@knackforge.com/.paperclip/instances/default/projects/3fde3945-9dcb-4c43-95b3-4e4e9db6ffe9/bb09220b-5ed2-47b3-9c58-d3e05cefb413/_default/apps/forge
> next dev -p ${FORA_FORGE_PORT:-3000} -H ${FORA_FORGE_HOST:-0.0.0.0}

   ▲ Next.js 15.0.3
   - Local:        http://localhost:3000
   - Network:      http://0.0.0.0:3000

 ✓ Starting...
 ✓ Ready in 2.2s
 ○ Compiling /healthz ...
 ✓ Compiled /healthz in 5.5s (317 modules)
 GET /healthz 200 in 2935ms
 GET /healthz 200 in 34ms
 ○ Compiling /personas/pm ...
 ✓ Compiled /personas/pm in 5.9s (648 modules)
 GET /personas/pm 200 in 6291ms
 ○ Compiling / ...
 ✓ Compiled / in 602ms (650 modules)
 GET / 200 in 908ms
 ✓ Compiled /api/persona in 400ms (638 modules)
 POST /api/persona 200 in 491ms
 GET /personas/pm 200 in 154ms
 POST /api/persona 200 in 20ms
 ○ Compiling /personas/eng-lead ...
 ✓ Compiled /personas/eng-lead in 693ms (658 modules)
 GET /personas/eng-lead 200 in 964ms
 POST /api/persona 200 in 32ms
 ○ Compiling /personas/cto ...
 ✓ Compiled /personas/cto in 518ms (660 modules)
 GET /personas/cto 200 in 827ms
 ○ Compiling /runs/[id] ...
 ✓ Compiled /runs/[id] in 1067ms (681 modules)
DEBUG indexStages rows: [
  {
    id: '0de3f39a-f417-4881-a505-dba032f96076',
    run_id: '00000000-0000-4000-8000-000000000001',
    stage: 'ideation',
    status: 'succeeded',
    decision: null,
    started_at: '2026-06-20T19:54:06.647Z',
    finished_at: '2026-06-20T19:54:06.647Z'
  },
  {
    id: '42f9a434-b4c6-4169-8773-0c33cd949e4e',
    run_id: '00000000-0000-4000-8000-000000000001',
    stage: 'architect',
    status: 'in_progress',
    decision: null,
    started_at: '2026-06-20T19:54:06.647Z',
    finished_at: null
  },
  {
    id: 'fc161a11-3ef6-4722-85a8-a0db3f0d16c4',
    run_id: '00000000-0000-4000-8000-000000000001',
    stage: 'dev',
    status: 'pending',
    decision: null,
    started_at: null,
    finished_at: null
  },
  {
    id: '35b356c3-18cc-4594-a376-6a93dc01ccaf',
    run_id: '00000000-0000-4000-8000-000000000001',
    stage: 'qa',
    status: 'pending',
    decision: null,
    started_at: null,
    finished_at: null
  },
  {
    id: '58f2e6d3-14ff-4cf3-9bfd-d01c9cddb54e',
    run_id: '00000000-0000-4000-8000-000000000001',
    stage: 'security',
    status: 'pending',
    decision: null,
    started_at: null,
    finished_at: null
  },
  {
    id: 'd1e343f3-d347-4364-b502-1bc143a419cd',
    run_id: '00000000-0000-4000-8000-000000000001',
    stage: 'devops',
    status: 'pending',
    decision: null,
    started_at: null,
    finished_at: null
  },
  {
    id: '48277a60-46ec-4248-8406-6465356ed2af',
    run_id: '00000000-0000-4000-8000-000000000001',
    stage: 'docs',
    status: 'pending',
    decision: null,
    started_at: null,
    finished_at: null
  }
]
 GET /runs/demo-run-001 200 in 2542ms
DEBUG indexStages rows: [
  {
    id: '0de3f39a-f417-4881-a505-dba032f96076',
    run_id: '00000000-0000-4000-8000-000000000001',
    stage: 'ideation',
    status: 'succeeded',
    decision: null,
    started_at: '2026-06-20T19:54:06.647Z',
    finished_at: '2026-06-20T19:54:06.647Z'
  },
  {
    id: '42f9a434-b4c6-4169-8773-0c33cd949e4e',
    run_id: '00000000-0000-4000-8000-000000000001',
    stage: 'architect',
    status: 'in_progress',
    decision: null,
    started_at: '2026-06-20T19:54:06.647Z',
    finished_at: null
  },
  {
    id: 'fc161a11-3ef6-4722-85a8-a0db3f0d16c4',
    run_id: '00000000-0000-4000-8000-000000000001',
    stage: 'dev',
    status: 'pending',
    decision: null,
    started_at: null,
    finished_at: null
  },
  {
    id: '35b356c3-18cc-4594-a376-6a93dc01ccaf',
    run_id: '00000000-0000-4000-8000-000000000001',
    stage: 'qa',
    status: 'pending',
    decision: null,
    started_at: null,
    finished_at: null
  },
  {
    id: '58f2e6d3-14ff-4cf3-9bfd-d01c9cddb54e',
    run_id: '00000000-0000-4000-8000-000000000001',
    stage: 'security',
    status: 'pending',
    decision: null,
    started_at: null,
    finished_at: null
  },
  {
    id: 'd1e343f3-d347-4364-b502-1bc143a419cd',
    run_id: '00000000-0000-4000-8000-000000000001',
    stage: 'devops',
    status: 'pending',
    decision: null,
    started_at: null,
    finished_at: null
  },
  {
    id: '48277a60-46ec-4248-8406-6465356ed2af',
    run_id: '00000000-0000-4000-8000-000000000001',
    stage: 'docs',
    status: 'pending',
    decision: null,
    started_at: null,
    finished_at: null
  }
]
 GET /runs/demo-run-001 200 in 94ms
DEBUG indexStages rows: [
  {
    id: '0de3f39a-f417-4881-a505-dba032f96076',
    run_id: '00000000-0000-4000-8000-000000000001',
    stage: 'ideation',
    status: 'succeeded',
    decision: null,
    started_at: '2026-06-20T19:54:06.647Z',
    finished_at: '2026-06-20T19:54:06.647Z'
  },
  {
    id: '42f9a434-b4c6-4169-8773-0c33cd949e4e',
    run_id: '00000000-0000-4000-8000-000000000001',
    stage: 'architect',
    status: 'in_progress',
    decision: null,
    started_at: '2026-06-20T19:54:06.647Z',
    finished_at: null
  },
  {
    id: 'fc161a11-3ef6-4722-85a8-a0db3f0d16c4',
    run_id: '00000000-0000-4000-8000-000000000001',
    stage: 'dev',
    status: 'pending',
    decision: null,
    started_at: null,
    finished_at: null
  },
  {
    id: '35b356c3-18cc-4594-a376-6a93dc01ccaf',
    run_id: '00000000-0000-4000-8000-000000000001',
    stage: 'qa',
    status: 'pending',
    decision: null,
    started_at: null,
    finished_at: null
  },
  {
    id: '58f2e6d3-14ff-4cf3-9bfd-d01c9cddb54e',
    run_id: '00000000-0000-4000-8000-000000000001',
    stage: 'security',
    status: 'pending',
    decision: null,
    started_at: null,
    finished_at: null
  },
  {
    id: 'd1e343f3-d347-4364-b502-1bc143a419cd',
    run_id: '00000000-0000-4000-8000-000000000001',
    stage: 'devops',
    status: 'pending',
    decision: null,
    started_at: null,
    finished_at: null
  },
  {
    id: '48277a60-46ec-4248-8406-6465356ed2af',
    run_id: '00000000-0000-4000-8000-000000000001',
    stage: 'docs',
    status: 'pending',
    decision: null,
    started_at: null,
    finished_at: null
  }
]
 GET /runs/demo-run-001 200 in 83ms
 GET /runs/unknown-run 404 in 103ms

> @fora/forge@0.1.0 dev /home/arunachalam.v@knackforge.com/.paperclip/instances/default/projects/3fde3945-9dcb-4c43-95b3-4e4e9db6ffe9/bb09220b-5ed2-47b3-9c58-d3e05cefb413/_default/apps/forge
> next dev -p ${FORA_FORGE_PORT:-3000} -H ${FORA_FORGE_HOST:-0.0.0.0}

   ▲ Next.js 15.0.3
   - Local:        http://localhost:3000
   - Network:      http://0.0.0.0:3000

 ✓ Starting...
 ✓ Ready in 2.9s
 ○ Compiling /healthz ...
 ✓ Compiled /healthz in 6.2s (317 modules)
 GET /healthz 200 in 351ms
 GET /healthz 200 in 39ms
 ○ Compiling /personas/pm ...
 ✓ Compiled /personas/pm in 7s (648 modules)
 GET /personas/pm 200 in 7433ms
 ○ Compiling / ...
 ✓ Compiled / in 582ms (650 modules)
 GET / 200 in 715ms
 ✓ Compiled /api/persona in 291ms (638 modules)
 POST /api/persona 200 in 346ms
 GET /personas/pm 200 in 58ms
 POST /api/persona 200 in 10ms
 ○ Compiling /personas/eng-lead ...
 ✓ Compiled /personas/eng-lead in 692ms (658 modules)
 GET /personas/eng-lead 200 in 891ms
 POST /api/persona 200 in 29ms
 ✓ Compiled /personas/cto in 375ms (660 modules)
 GET /personas/cto 200 in 520ms
 ○ Compiling /runs/[id] ...
 ✓ Compiled /runs/[id] in 615ms (681 modules)
DEBUG indexStages rows: [
  {
    id: '0de3f39a-f417-4881-a505-dba032f96076',
    run_id: '00000000-0000-4000-8000-000000000001',
    stage: 'ideation',
    status: 'succeeded',
    decision: null,
    started_at: '2026-06-20T19:54:06.647Z',
    finished_at: '2026-06-20T19:54:06.647Z'
  },
  {
    id: '42f9a434-b4c6-4169-8773-0c33cd949e4e',
    run_id: '00000000-0000-4000-8000-000000000001',
    stage: 'architect',
    status: 'in_progress',
    decision: null,
    started_at: '2026-06-20T19:54:06.647Z',
    finished_at: null
  },
  {
    id: 'fc161a11-3ef6-4722-85a8-a0db3f0d16c4',
    run_id: '00000000-0000-4000-8000-000000000001',
    stage: 'dev',
    status: 'pending',
    decision: null,
    started_at: null,
    finished_at: null
  },
  {
    id: '35b356c3-18cc-4594-a376-6a93dc01ccaf',
    run_id: '00000000-0000-4000-8000-000000000001',
    stage: 'qa',
    status: 'pending',
    decision: null,
    started_at: null,
    finished_at: null
  },
  {
    id: '58f2e6d3-14ff-4cf3-9bfd-d01c9cddb54e',
    run_id: '00000000-0000-4000-8000-000000000001',
    stage: 'security',
    status: 'pending',
    decision: null,
    started_at: null,
    finished_at: null
  },
  {
    id: 'd1e343f3-d347-4364-b502-1bc143a419cd',
    run_id: '00000000-0000-4000-8000-000000000001',
    stage: 'devops',
    status: 'pending',
    decision: null,
    started_at: null,
    finished_at: null
  },
  {
    id: '48277a60-46ec-4248-8406-6465356ed2af',
    run_id: '00000000-0000-4000-8000-000000000001',
    stage: 'docs',
    status: 'pending',
    decision: null,
    started_at: null,
    finished_at: null
  }
]
 GET /runs/demo-run-001 200 in 1774ms
DEBUG indexStages rows: [
  {
    id: '0de3f39a-f417-4881-a505-dba032f96076',
    run_id: '00000000-0000-4000-8000-000000000001',
    stage: 'ideation',
    status: 'succeeded',
    decision: null,
    started_at: '2026-06-20T19:54:06.647Z',
    finished_at: '2026-06-20T19:54:06.647Z'
  },
  {
    id: '42f9a434-b4c6-4169-8773-0c33cd949e4e',
    run_id: '00000000-0000-4000-8000-000000000001',
    stage: 'architect',
    status: 'in_progress',
    decision: null,
    started_at: '2026-06-20T19:54:06.647Z',
    finished_at: null
  },
  {
    id: 'fc161a11-3ef6-4722-85a8-a0db3f0d16c4',
    run_id: '00000000-0000-4000-8000-000000000001',
    stage: 'dev',
    status: 'pending',
    decision: null,
    started_at: null,
    finished_at: null
  },
  {
    id: '35b356c3-18cc-4594-a376-6a93dc01ccaf',
    run_id: '00000000-0000-4000-8000-000000000001',
    stage: 'qa',
    status: 'pending',
    decision: null,
    started_at: null,
    finished_at: null
  },
  {
    id: '58f2e6d3-14ff-4cf3-9bfd-d01c9cddb54e',
    run_id: '00000000-0000-4000-8000-000000000001',
    stage: 'security',
    status: 'pending',
    decision: null,
    started_at: null,
    finished_at: null
  },
  {
    id: 'd1e343f3-d347-4364-b502-1bc143a419cd',
    run_id: '00000000-0000-4000-8000-000000000001',
    stage: 'devops',
    status: 'pending',
    decision: null,
    started_at: null,
    finished_at: null
  },
  {
    id: '48277a60-46ec-4248-8406-6465356ed2af',
    run_id: '00000000-0000-4000-8000-000000000001',
    stage: 'docs',
    status: 'pending',
    decision: null,
    started_at: null,
    finished_at: null
  }
]
 GET /runs/demo-run-001 200 in 95ms
DEBUG indexStages rows: [
  {
    id: '0de3f39a-f417-4881-a505-dba032f96076',
    run_id: '00000000-0000-4000-8000-000000000001',
    stage: 'ideation',
    status: 'succeeded',
    decision: null,
    started_at: '2026-06-20T19:54:06.647Z',
    finished_at: '2026-06-20T19:54:06.647Z'
  },
  {
    id: '42f9a434-b4c6-4169-8773-0c33cd949e4e',
    run_id: '00000000-0000-4000-8000-000000000001',
    stage: 'architect',
    status: 'in_progress',
    decision: null,
    started_at: '2026-06-20T19:54:06.647Z',
    finished_at: null
  },
  {
    id: 'fc161a11-3ef6-4722-85a8-a0db3f0d16c4',
    run_id: '00000000-0000-4000-8000-000000000001',
    stage: 'dev',
    status: 'pending',
    decision: null,
    started_at: null,
    finished_at: null
  },
  {
    id: '35b356c3-18cc-4594-a376-6a93dc01ccaf',
    run_id: '00000000-0000-4000-8000-000000000001',
    stage: 'qa',
    status: 'pending',
    decision: null,
    started_at: null,
    finished_at: null
  },
  {
    id: '58f2e6d3-14ff-4cf3-9bfd-d01c9cddb54e',
    run_id: '00000000-0000-4000-8000-000000000001',
    stage: 'security',
    status: 'pending',
    decision: null,
    started_at: null,
    finished_at: null
  },
  {
    id: 'd1e343f3-d347-4364-b502-1bc143a419cd',
    run_id: '00000000-0000-4000-8000-000000000001',
    stage: 'devops',
    status: 'pending',
    decision: null,
    started_at: null,
    finished_at: null
  },
  {
    id: '48277a60-46ec-4248-8406-6465356ed2af',
    run_id: '00000000-0000-4000-8000-000000000001',
    stage: 'docs',
    status: 'pending',
    decision: null,
    started_at: null,
    finished_at: null
  }
]
 GET /runs/demo-run-001 200 in 81ms
 GET /runs/unknown-run 404 in 44ms

> @fora/forge@0.1.0 dev /home/arunachalam.v@knackforge.com/.paperclip/instances/default/projects/3fde3945-9dcb-4c43-95b3-4e4e9db6ffe9/bb09220b-5ed2-47b3-9c58-d3e05cefb413/_default/apps/forge
> next dev -p ${FORA_FORGE_PORT:-3000} -H ${FORA_FORGE_HOST:-0.0.0.0}

   ▲ Next.js 15.0.3
   - Local:        http://localhost:3000
   - Network:      http://0.0.0.0:3000

 ✓ Starting...
 ✓ Ready in 3.4s
 ○ Compiling /healthz ...
 ✓ Compiled /healthz in 8.5s (317 modules)
 GET /healthz 200 in 2946ms
 GET /healthz 200 in 164ms
 GET /healthz 200 in 35ms
 ○ Compiling /personas/pm ...
 ✓ Compiled /personas/pm in 6.9s (648 modules)
 GET /personas/pm 200 in 7648ms
 ○ Compiling / ...
 ✓ Compiled / in 609ms (650 modules)
 GET / 200 in 822ms
 ✓ Compiled /api/persona in 461ms (638 modules)
 POST /api/persona 200 in 537ms
 GET /personas/pm 200 in 91ms
 POST /api/persona 200 in 21ms
 ○ Compiling /personas/eng-lead ...
 ✓ Compiled /personas/eng-lead in 946ms (658 modules)
 GET /personas/eng-lead 200 in 1405ms
 POST /api/persona 200 in 37ms
 ○ Compiling /personas/cto ...
 ✓ Compiled /personas/cto in 859ms (660 modules)
 GET /personas/cto 200 in 1179ms
 ○ Compiling /runs/[id] ...
 ✓ Compiled /runs/[id] in 1203ms (681 modules)
DEBUG indexStages rows: [
  {
    id: '0de3f39a-f417-4881-a505-dba032f96076',
    run_id: '00000000-0000-4000-8000-000000000001',
    stage: 'ideation',
    status: 'succeeded',
    decision: null,
    started_at: '2026-06-20T19:54:06.647Z',
    finished_at: '2026-06-20T19:54:06.647Z'
  },
  {
    id: '42f9a434-b4c6-4169-8773-0c33cd949e4e',
    run_id: '00000000-0000-4000-8000-000000000001',
    stage: 'architect',
    status: 'in_progress',
    decision: null,
    started_at: '2026-06-20T19:54:06.647Z',
    finished_at: null
  },
  {
    id: 'fc161a11-3ef6-4722-85a8-a0db3f0d16c4',
    run_id: '00000000-0000-4000-8000-000000000001',
    stage: 'dev',
    status: 'pending',
    decision: null,
    started_at: null,
    finished_at: null
  },
  {
    id: '35b356c3-18cc-4594-a376-6a93dc01ccaf',
    run_id: '00000000-0000-4000-8000-000000000001',
    stage: 'qa',
    status: 'pending',
    decision: null,
    started_at: null,
    finished_at: null
  },
  {
    id: '58f2e6d3-14ff-4cf3-9bfd-d01c9cddb54e',
    run_id: '00000000-0000-4000-8000-000000000001',
    stage: 'security',
    status: 'pending',
    decision: null,
    started_at: null,
    finished_at: null
  },
  {
    id: 'd1e343f3-d347-4364-b502-1bc143a419cd',
    run_id: '00000000-0000-4000-8000-000000000001',
    stage: 'devops',
    status: 'pending',
    decision: null,
    started_at: null,
    finished_at: null
  },
  {
    id: '48277a60-46ec-4248-8406-6465356ed2af',
    run_id: '00000000-0000-4000-8000-000000000001',
    stage: 'docs',
    status: 'pending',
    decision: null,
    started_at: null,
    finished_at: null
  }
]
 GET /runs/demo-run-001 200 in 4547ms
DEBUG indexStages rows: [
  {
    id: '0de3f39a-f417-4881-a505-dba032f96076',
    run_id: '00000000-0000-4000-8000-000000000001',
    stage: 'ideation',
    status: 'succeeded',
    decision: null,
    started_at: '2026-06-20T19:54:06.647Z',
    finished_at: '2026-06-20T19:54:06.647Z'
  },
  {
    id: '42f9a434-b4c6-4169-8773-0c33cd949e4e',
    run_id: '00000000-0000-4000-8000-000000000001',
    stage: 'architect',
    status: 'in_progress',
    decision: null,
    started_at: '2026-06-20T19:54:06.647Z',
    finished_at: null
  },
  {
    id: 'fc161a11-3ef6-4722-85a8-a0db3f0d16c4',
    run_id: '00000000-0000-4000-8000-000000000001',
    stage: 'dev',
    status: 'pending',
    decision: null,
    started_at: null,
    finished_at: null
  },
  {
    id: '35b356c3-18cc-4594-a376-6a93dc01ccaf',
    run_id: '00000000-0000-4000-8000-000000000001',
    stage: 'qa',
    status: 'pending',
    decision: null,
    started_at: null,
    finished_at: null
  },
  {
    id: '58f2e6d3-14ff-4cf3-9bfd-d01c9cddb54e',
    run_id: '00000000-0000-4000-8000-000000000001',
    stage: 'security',
    status: 'pending',
    decision: null,
    started_at: null,
    finished_at: null
  },
  {
    id: 'd1e343f3-d347-4364-b502-1bc143a419cd',
    run_id: '00000000-0000-4000-8000-000000000001',
    stage: 'devops',
    status: 'pending',
    decision: null,
    started_at: null,
    finished_at: null
  },
  {
    id: '48277a60-46ec-4248-8406-6465356ed2af',
    run_id: '00000000-0000-4000-8000-000000000001',
    stage: 'docs',
    status: 'pending',
    decision: null,
    started_at: null,
    finished_at: null
  }
]
 GET /runs/demo-run-001 200 in 320ms
DEBUG indexStages rows: [
  {
    id: '0de3f39a-f417-4881-a505-dba032f96076',
    run_id: '00000000-0000-4000-8000-000000000001',
    stage: 'ideation',
    status: 'succeeded',
    decision: null,
    started_at: '2026-06-20T19:54:06.647Z',
    finished_at: '2026-06-20T19:54:06.647Z'
  },
  {
    id: '42f9a434-b4c6-4169-8773-0c33cd949e4e',
    run_id: '00000000-0000-4000-8000-000000000001',
    stage: 'architect',
    status: 'in_progress',
    decision: null,
    started_at: '2026-06-20T19:54:06.647Z',
    finished_at: null
  },
  {
    id: 'fc161a11-3ef6-4722-85a8-a0db3f0d16c4',
    run_id: '00000000-0000-4000-8000-000000000001',
    stage: 'dev',
    status: 'pending',
    decision: null,
    started_at: null,
    finished_at: null
  },
  {
    id: '35b356c3-18cc-4594-a376-6a93dc01ccaf',
    run_id: '00000000-0000-4000-8000-000000000001',
    stage: 'qa',
    status: 'pending',
    decision: null,
    started_at: null,
    finished_at: null
  },
  {
    id: '58f2e6d3-14ff-4cf3-9bfd-d01c9cddb54e',
    run_id: '00000000-0000-4000-8000-000000000001',
    stage: 'security',
    status: 'pending',
    decision: null,
    started_at: null,
    finished_at: null
  },
  {
    id: 'd1e343f3-d347-4364-b502-1bc143a419cd',
    run_id: '00000000-0000-4000-8000-000000000001',
    stage: 'devops',
    status: 'pending',
    decision: null,
    started_at: null,
    finished_at: null
  },
  {
    id: '48277a60-46ec-4248-8406-6465356ed2af',
    run_id: '00000000-0000-4000-8000-000000000001',
    stage: 'docs',
    status: 'pending',
    decision: null,
    started_at: null,
    finished_at: null
  }
]
 GET /runs/demo-run-001 200 in 121ms
 GET /runs/unknown-run 404 in 118ms

> @fora/forge@0.1.0 dev /home/arunachalam.v@knackforge.com/.paperclip/instances/default/projects/3fde3945-9dcb-4c43-95b3-4e4e9db6ffe9/bb09220b-5ed2-47b3-9c58-d3e05cefb413/_default/apps/forge
> next dev -p ${FORA_FORGE_PORT:-3000} -H ${FORA_FORGE_HOST:-0.0.0.0}

 ⨯ Failed to start server
Error: listen EADDRINUSE: address already in use 0.0.0.0:3000
    at <unknown> (Error: listen EADDRINUSE: address already in use 0.0.0.0:3000) {
  code: 'EADDRINUSE',
  errno: -98,
  syscall: 'listen',
  address: '0.0.0.0',
  port: 3000
}
[?25h

> @fora/forge@0.1.0 dev /home/arunachalam.v@knackforge.com/.paperclip/instances/default/projects/3fde3945-9dcb-4c43-95b3-4e4e9db6ffe9/bb09220b-5ed2-47b3-9c58-d3e05cefb413/_default/apps/forge
> next dev -p ${FORA_FORGE_PORT:-3000} -H ${FORA_FORGE_HOST:-0.0.0.0}

 ⨯ Failed to start server
Error: listen EADDRINUSE: address already in use 0.0.0.0:3000
    at <unknown> (Error: listen EADDRINUSE: address already in use 0.0.0.0:3000) {
  code: 'EADDRINUSE',
  errno: -98,
  syscall: 'listen',
  address: '0.0.0.0',
  port: 3000
}
[?25h

> @fora/forge@0.1.0 dev /home/arunachalam.v@knackforge.com/.paperclip/instances/default/projects/3fde3945-9dcb-4c43-95b3-4e4e9db6ffe9/bb09220b-5ed2-47b3-9c58-d3e05cefb413/_default/apps/forge
> next dev -p ${FORA_FORGE_PORT:-3000} -H ${FORA_FORGE_HOST:-0.0.0.0}

   ▲ Next.js 15.0.3
   - Local:        http://localhost:3000
   - Network:      http://0.0.0.0:3000

 ✓ Starting...
 ✓ Ready in 1638ms
 ○ Compiling /healthz ...
 ✓ Compiled /healthz in 1761ms (317 modules)
 GET /healthz 200 in 1925ms
 GET /healthz 200 in 16ms
 GET /healthz 200 in 72ms
 ○ Compiling /personas/pm ...
 ✓ Compiled /personas/pm in 4.9s (648 modules)
 GET /personas/pm 200 in 5204ms
 ✓ Compiled / in 279ms (650 modules)
 GET / 200 in 364ms
 ✓ Compiled /api/persona in 185ms (638 modules)
 POST /api/persona 200 in 238ms
 GET /personas/pm 200 in 53ms
 POST /api/persona 200 in 5ms
 ✓ Compiled /personas/eng-lead in 409ms (658 modules)
 GET /personas/eng-lead 200 in 550ms
 POST /api/persona 200 in 31ms
 ✓ Compiled /personas/cto in 424ms (660 modules)
 GET /personas/cto 200 in 569ms
 ✓ Compiled /runs/[id] in 384ms (681 modules)
DEBUG indexStages rows: [
  {
    id: '0de3f39a-f417-4881-a505-dba032f96076',
    run_id: '00000000-0000-4000-8000-000000000001',
    stage: 'ideation',
    status: 'succeeded',
    decision: null,
    started_at: '2026-06-20T19:54:06.647Z',
    finished_at: '2026-06-20T19:54:06.647Z'
  },
  {
    id: '42f9a434-b4c6-4169-8773-0c33cd949e4e',
    run_id: '00000000-0000-4000-8000-000000000001',
    stage: 'architect',
    status: 'in_progress',
    decision: null,
    started_at: '2026-06-20T19:54:06.647Z',
    finished_at: null
  },
  {
    id: 'fc161a11-3ef6-4722-85a8-a0db3f0d16c4',
    run_id: '00000000-0000-4000-8000-000000000001',
    stage: 'dev',
    status: 'pending',
    decision: null,
    started_at: null,
    finished_at: null
  },
  {
    id: '35b356c3-18cc-4594-a376-6a93dc01ccaf',
    run_id: '00000000-0000-4000-8000-000000000001',
    stage: 'qa',
    status: 'pending',
    decision: null,
    started_at: null,
    finished_at: null
  },
  {
    id: '58f2e6d3-14ff-4cf3-9bfd-d01c9cddb54e',
    run_id: '00000000-0000-4000-8000-000000000001',
    stage: 'security',
    status: 'pending',
    decision: null,
    started_at: null,
    finished_at: null
  },
  {
    id: 'd1e343f3-d347-4364-b502-1bc143a419cd',
    run_id: '00000000-0000-4000-8000-000000000001',
    stage: 'devops',
    status: 'pending',
    decision: null,
    started_at: null,
    finished_at: null
  },
  {
    id: '48277a60-46ec-4248-8406-6465356ed2af',
    run_id: '00000000-0000-4000-8000-000000000001',
    stage: 'docs',
    status: 'pending',
    decision: null,
    started_at: null,
    finished_at: null
  }
]
 GET /runs/demo-run-001 200 in 990ms
DEBUG indexStages rows: [
  {
    id: '0de3f39a-f417-4881-a505-dba032f96076',
    run_id: '00000000-0000-4000-8000-000000000001',
    stage: 'ideation',
    status: 'succeeded',
    decision: null,
    started_at: '2026-06-20T19:54:06.647Z',
    finished_at: '2026-06-20T19:54:06.647Z'
  },
  {
    id: '42f9a434-b4c6-4169-8773-0c33cd949e4e',
    run_id: '00000000-0000-4000-8000-000000000001',
    stage: 'architect',
    status: 'in_progress',
    decision: null,
    started_at: '2026-06-20T19:54:06.647Z',
    finished_at: null
  },
  {
    id: 'fc161a11-3ef6-4722-85a8-a0db3f0d16c4',
    run_id: '00000000-0000-4000-8000-000000000001',
    stage: 'dev',
    status: 'pending',
    decision: null,
    started_at: null,
    finished_at: null
  },
  {
    id: '35b356c3-18cc-4594-a376-6a93dc01ccaf',
    run_id: '00000000-0000-4000-8000-000000000001',
    stage: 'qa',
    status: 'pending',
    decision: null,
    started_at: null,
    finished_at: null
  },
  {
    id: '58f2e6d3-14ff-4cf3-9bfd-d01c9cddb54e',
    run_id: '00000000-0000-4000-8000-000000000001',
    stage: 'security',
    status: 'pending',
    decision: null,
    started_at: null,
    finished_at: null
  },
  {
    id: 'd1e343f3-d347-4364-b502-1bc143a419cd',
    run_id: '00000000-0000-4000-8000-000000000001',
    stage: 'devops',
    status: 'pending',
    decision: null,
    started_at: null,
    finished_at: null
  },
  {
    id: '48277a60-46ec-4248-8406-6465356ed2af',
    run_id: '00000000-0000-4000-8000-000000000001',
    stage: 'docs',
    status: 'pending',
    decision: null,
    started_at: null,
    finished_at: null
  }
]
 GET /runs/demo-run-001 200 in 79ms
DEBUG indexStages rows: [
  {
    id: '0de3f39a-f417-4881-a505-dba032f96076',
    run_id: '00000000-0000-4000-8000-000000000001',
    stage: 'ideation',
    status: 'succeeded',
    decision: null,
    started_at: '2026-06-20T19:54:06.647Z',
    finished_at: '2026-06-20T19:54:06.647Z'
  },
  {
    id: '42f9a434-b4c6-4169-8773-0c33cd949e4e',
    run_id: '00000000-0000-4000-8000-000000000001',
    stage: 'architect',
    status: 'in_progress',
    decision: null,
    started_at: '2026-06-20T19:54:06.647Z',
    finished_at: null
  },
  {
    id: 'fc161a11-3ef6-4722-85a8-a0db3f0d16c4',
    run_id: '00000000-0000-4000-8000-000000000001',
    stage: 'dev',
    status: 'pending',
    decision: null,
    started_at: null,
    finished_at: null
  },
  {
    id: '35b356c3-18cc-4594-a376-6a93dc01ccaf',
    run_id: '00000000-0000-4000-8000-000000000001',
    stage: 'qa',
    status: 'pending',
    decision: null,
    started_at: null,
    finished_at: null
  },
  {
    id: '58f2e6d3-14ff-4cf3-9bfd-d01c9cddb54e',
    run_id: '00000000-0000-4000-8000-000000000001',
    stage: 'security',
    status: 'pending',
    decision: null,
    started_at: null,
    finished_at: null
  },
  {
    id: 'd1e343f3-d347-4364-b502-1bc143a419cd',
    run_id: '00000000-0000-4000-8000-000000000001',
    stage: 'devops',
    status: 'pending',
    decision: null,
    started_at: null,
    finished_at: null
  },
  {
    id: '48277a60-46ec-4248-8406-6465356ed2af',
    run_id: '00000000-0000-4000-8000-000000000001',
    stage: 'docs',
    status: 'pending',
    decision: null,
    started_at: null,
    finished_at: null
  }
]
 GET /runs/demo-run-001 200 in 53ms
 GET /runs/unknown-run 404 in 39ms

> @fora/forge@0.1.0 dev /home/arunachalam.v@knackforge.com/.paperclip/instances/default/projects/3fde3945-9dcb-4c43-95b3-4e4e9db6ffe9/bb09220b-5ed2-47b3-9c58-d3e05cefb413/_default/apps/forge
> next dev -p ${FORA_FORGE_PORT:-3000} -H ${FORA_FORGE_HOST:-0.0.0.0}

   ▲ Next.js 15.0.3
   - Local:        http://localhost:3000
   - Network:      http://0.0.0.0:3000

 ✓ Starting...
 ✓ Ready in 1436ms
 ○ Compiling /healthz ...
 ✓ Compiled /healthz in 1637ms (317 modules)
 GET /healthz 200 in 1792ms
 GET /healthz 200 in 23ms
 ○ Compiling /personas/pm ...
 ✓ Compiled /personas/pm in 5.7s (648 modules)
 GET /personas/pm 200 in 5968ms
 ✓ Compiled / in 257ms (650 modules)
 GET / 200 in 417ms
 ✓ Compiled /api/persona in 233ms (638 modules)
 POST /api/persona 200 in 288ms
 GET /personas/pm 200 in 74ms
 POST /api/persona 200 in 7ms
 ✓ Compiled /personas/eng-lead in 345ms (658 modules)
 GET /personas/eng-lead 200 in 476ms
 POST /api/persona 200 in 13ms
 ✓ Compiled /personas/cto in 243ms (660 modules)
 GET /personas/cto 200 in 344ms
 ✓ Compiled /runs/[id] in 405ms (681 modules)
DEBUG indexStages rows: [
  {
    id: '0de3f39a-f417-4881-a505-dba032f96076',
    run_id: '00000000-0000-4000-8000-000000000001',
    stage: 'ideation',
    status: 'succeeded',
    decision: null,
    started_at: '2026-06-20T19:54:06.647Z',
    finished_at: '2026-06-20T19:54:06.647Z'
  },
  {
    id: '42f9a434-b4c6-4169-8773-0c33cd949e4e',
    run_id: '00000000-0000-4000-8000-000000000001',
    stage: 'architect',
    status: 'in_progress',
    decision: null,
    started_at: '2026-06-20T19:54:06.647Z',
    finished_at: null
  },
  {
    id: 'fc161a11-3ef6-4722-85a8-a0db3f0d16c4',
    run_id: '00000000-0000-4000-8000-000000000001',
    stage: 'dev',
    status: 'pending',
    decision: null,
    started_at: null,
    finished_at: null
  },
  {
    id: '35b356c3-18cc-4594-a376-6a93dc01ccaf',
    run_id: '00000000-0000-4000-8000-000000000001',
    stage: 'qa',
    status: 'pending',
    decision: null,
    started_at: null,
    finished_at: null
  },
  {
    id: '58f2e6d3-14ff-4cf3-9bfd-d01c9cddb54e',
    run_id: '00000000-0000-4000-8000-000000000001',
    stage: 'security',
    status: 'pending',
    decision: null,
    started_at: null,
    finished_at: null
  },
  {
    id: 'd1e343f3-d347-4364-b502-1bc143a419cd',
    run_id: '00000000-0000-4000-8000-000000000001',
    stage: 'devops',
    status: 'pending',
    decision: null,
    started_at: null,
    finished_at: null
  },
  {
    id: '48277a60-46ec-4248-8406-6465356ed2af',
    run_id: '00000000-0000-4000-8000-000000000001',
    stage: 'docs',
    status: 'pending',
    decision: null,
    started_at: null,
    finished_at: null
  }
]
 GET /runs/demo-run-001 200 in 1052ms
DEBUG indexStages rows: [
  {
    id: '0de3f39a-f417-4881-a505-dba032f96076',
    run_id: '00000000-0000-4000-8000-000000000001',
    stage: 'ideation',
    status: 'succeeded',
    decision: null,
    started_at: '2026-06-20T19:54:06.647Z',
    finished_at: '2026-06-20T19:54:06.647Z'
  },
  {
    id: '42f9a434-b4c6-4169-8773-0c33cd949e4e',
    run_id: '00000000-0000-4000-8000-000000000001',
    stage: 'architect',
    status: 'in_progress',
    decision: null,
    started_at: '2026-06-20T19:54:06.647Z',
    finished_at: null
  },
  {
    id: 'fc161a11-3ef6-4722-85a8-a0db3f0d16c4',
    run_id: '00000000-0000-4000-8000-000000000001',
    stage: 'dev',
    status: 'pending',
    decision: null,
    started_at: null,
    finished_at: null
  },
  {
    id: '35b356c3-18cc-4594-a376-6a93dc01ccaf',
    run_id: '00000000-0000-4000-8000-000000000001',
    stage: 'qa',
    status: 'pending',
    decision: null,
    started_at: null,
    finished_at: null
  },
  {
    id: '58f2e6d3-14ff-4cf3-9bfd-d01c9cddb54e',
    run_id: '00000000-0000-4000-8000-000000000001',
    stage: 'security',
    status: 'pending',
    decision: null,
    started_at: null,
    finished_at: null
  },
  {
    id: 'd1e343f3-d347-4364-b502-1bc143a419cd',
    run_id: '00000000-0000-4000-8000-000000000001',
    stage: 'devops',
    status: 'pending',
    decision: null,
    started_at: null,
    finished_at: null
  },
  {
    id: '48277a60-46ec-4248-8406-6465356ed2af',
    run_id: '00000000-0000-4000-8000-000000000001',
    stage: 'docs',
    status: 'pending',
    decision: null,
    started_at: null,
    finished_at: null
  }
]
 GET /runs/demo-run-001 200 in 44ms
DEBUG indexStages rows: [
  {
    id: '0de3f39a-f417-4881-a505-dba032f96076',
    run_id: '00000000-0000-4000-8000-000000000001',
    stage: 'ideation',
    status: 'succeeded',
    decision: null,
    started_at: '2026-06-20T19:54:06.647Z',
    finished_at: '2026-06-20T19:54:06.647Z'
  },
  {
    id: '42f9a434-b4c6-4169-8773-0c33cd949e4e',
    run_id: '00000000-0000-4000-8000-000000000001',
    stage: 'architect',
    status: 'in_progress',
    decision: null,
    started_at: '2026-06-20T19:54:06.647Z',
    finished_at: null
  },
  {
    id: 'fc161a11-3ef6-4722-85a8-a0db3f0d16c4',
    run_id: '00000000-0000-4000-8000-000000000001',
    stage: 'dev',
    status: 'pending',
    decision: null,
    started_at: null,
    finished_at: null
  },
  {
    id: '35b356c3-18cc-4594-a376-6a93dc01ccaf',
    run_id: '00000000-0000-4000-8000-000000000001',
    stage: 'qa',
    status: 'pending',
    decision: null,
    started_at: null,
    finished_at: null
  },
  {
    id: '58f2e6d3-14ff-4cf3-9bfd-d01c9cddb54e',
    run_id: '00000000-0000-4000-8000-000000000001',
    stage: 'security',
    status: 'pending',
    decision: null,
    started_at: null,
    finished_at: null
  },
  {
    id: 'd1e343f3-d347-4364-b502-1bc143a419cd',
    run_id: '00000000-0000-4000-8000-000000000001',
    stage: 'devops',
    status: 'pending',
    decision: null,
    started_at: null,
    finished_at: null
  },
  {
    id: '48277a60-46ec-4248-8406-6465356ed2af',
    run_id: '00000000-0000-4000-8000-000000000001',
    stage: 'docs',
    status: 'pending',
    decision: null,
    started_at: null,
    finished_at: null
  }
]
 GET /runs/demo-run-001 200 in 19ms
 GET /runs/unknown-run 404 in 28ms

> @fora/forge@0.1.0 dev /home/arunachalam.v@knackforge.com/.paperclip/instances/default/projects/3fde3945-9dcb-4c43-95b3-4e4e9db6ffe9/bb09220b-5ed2-47b3-9c58-d3e05cefb413/_default/apps/forge
> next dev -p ${FORA_FORGE_PORT:-3000} -H ${FORA_FORGE_HOST:-0.0.0.0}

   ▲ Next.js 15.0.3
   - Local:        http://localhost:3000
   - Network:      http://0.0.0.0:3000

 ✓ Starting...
 ✓ Ready in 1602ms
 ○ Compiling /healthz ...
 ✓ Compiled /healthz in 1884ms (317 modules)
 GET /healthz 200 in 39ms
 GET /healthz 200 in 37ms
 ○ Compiling /personas/pm ...
 ✓ Compiled /personas/pm in 7.1s (648 modules)
 GET /personas/pm 200 in 7437ms
 ✓ Compiled / in 324ms (650 modules)
 GET / 200 in 417ms
 ✓ Compiled /api/persona in 233ms (638 modules)
 POST /api/persona 200 in 291ms
 GET /personas/pm 200 in 98ms
 POST /api/persona 200 in 26ms
 ○ Compiling /personas/eng-lead ...
 ✓ Compiled /personas/eng-lead in 570ms (658 modules)
 GET /personas/eng-lead 200 in 734ms
 POST /api/persona 200 in 20ms
 ✓ Compiled /personas/cto in 313ms (660 modules)
 GET /personas/cto 200 in 433ms
 ○ Compiling /runs/[id] ...
 ✓ Compiled /runs/[id] in 683ms (681 modules)
DEBUG indexStages rows: [
  {
    id: '0de3f39a-f417-4881-a505-dba032f96076',
    run_id: '00000000-0000-4000-8000-000000000001',
    stage: 'ideation',
    status: 'succeeded',
    decision: null,
    started_at: '2026-06-20T19:54:06.647Z',
    finished_at: '2026-06-20T19:54:06.647Z'
  },
  {
    id: '42f9a434-b4c6-4169-8773-0c33cd949e4e',
    run_id: '00000000-0000-4000-8000-000000000001',
    stage: 'architect',
    status: 'in_progress',
    decision: null,
    started_at: '2026-06-20T19:54:06.647Z',
    finished_at: null
  },
  {
    id: 'fc161a11-3ef6-4722-85a8-a0db3f0d16c4',
    run_id: '00000000-0000-4000-8000-000000000001',
    stage: 'dev',
    status: 'pending',
    decision: null,
    started_at: null,
    finished_at: null
  },
  {
    id: '35b356c3-18cc-4594-a376-6a93dc01ccaf',
    run_id: '00000000-0000-4000-8000-000000000001',
    stage: 'qa',
    status: 'pending',
    decision: null,
    started_at: null,
    finished_at: null
  },
  {
    id: '58f2e6d3-14ff-4cf3-9bfd-d01c9cddb54e',
    run_id: '00000000-0000-4000-8000-000000000001',
    stage: 'security',
    status: 'pending',
    decision: null,
    started_at: null,
    finished_at: null
  },
  {
    id: 'd1e343f3-d347-4364-b502-1bc143a419cd',
    run_id: '00000000-0000-4000-8000-000000000001',
    stage: 'devops',
    status: 'pending',
    decision: null,
    started_at: null,
    finished_at: null
  },
  {
    id: '48277a60-46ec-4248-8406-6465356ed2af',
    run_id: '00000000-0000-4000-8000-000000000001',
    stage: 'docs',
    status: 'pending',
    decision: null,
    started_at: null,
    finished_at: null
  }
]
 GET /runs/demo-run-001 200 in 1744ms
DEBUG indexStages rows: [
  {
    id: '0de3f39a-f417-4881-a505-dba032f96076',
    run_id: '00000000-0000-4000-8000-000000000001',
    stage: 'ideation',
    status: 'succeeded',
    decision: null,
    started_at: '2026-06-20T19:54:06.647Z',
    finished_at: '2026-06-20T19:54:06.647Z'
  },
  {
    id: '42f9a434-b4c6-4169-8773-0c33cd949e4e',
    run_id: '00000000-0000-4000-8000-000000000001',
    stage: 'architect',
    status: 'in_progress',
    decision: null,
    started_at: '2026-06-20T19:54:06.647Z',
    finished_at: null
  },
  {
    id: 'fc161a11-3ef6-4722-85a8-a0db3f0d16c4',
    run_id: '00000000-0000-4000-8000-000000000001',
    stage: 'dev',
    status: 'pending',
    decision: null,
    started_at: null,
    finished_at: null
  },
  {
    id: '35b356c3-18cc-4594-a376-6a93dc01ccaf',
    run_id: '00000000-0000-4000-8000-000000000001',
    stage: 'qa',
    status: 'pending',
    decision: null,
    started_at: null,
    finished_at: null
  },
  {
    id: '58f2e6d3-14ff-4cf3-9bfd-d01c9cddb54e',
    run_id: '00000000-0000-4000-8000-000000000001',
    stage: 'security',
    status: 'pending',
    decision: null,
    started_at: null,
    finished_at: null
  },
  {
    id: 'd1e343f3-d347-4364-b502-1bc143a419cd',
    run_id: '00000000-0000-4000-8000-000000000001',
    stage: 'devops',
    status: 'pending',
    decision: null,
    started_at: null,
    finished_at: null
  },
  {
    id: '48277a60-46ec-4248-8406-6465356ed2af',
    run_id: '00000000-0000-4000-8000-000000000001',
    stage: 'docs',
    status: 'pending',
    decision: null,
    started_at: null,
    finished_at: null
  }
]
 GET /runs/demo-run-001 200 in 77ms
DEBUG indexStages rows: [
  {
    id: '0de3f39a-f417-4881-a505-dba032f96076',
    run_id: '00000000-0000-4000-8000-000000000001',
    stage: 'ideation',
    status: 'succeeded',
    decision: null,
    started_at: '2026-06-20T19:54:06.647Z',
    finished_at: '2026-06-20T19:54:06.647Z'
  },
  {
    id: '42f9a434-b4c6-4169-8773-0c33cd949e4e',
    run_id: '00000000-0000-4000-8000-000000000001',
    stage: 'architect',
    status: 'in_progress',
    decision: null,
    started_at: '2026-06-20T19:54:06.647Z',
    finished_at: null
  },
  {
    id: 'fc161a11-3ef6-4722-85a8-a0db3f0d16c4',
    run_id: '00000000-0000-4000-8000-000000000001',
    stage: 'dev',
    status: 'pending',
    decision: null,
    started_at: null,
    finished_at: null
  },
  {
    id: '35b356c3-18cc-4594-a376-6a93dc01ccaf',
    run_id: '00000000-0000-4000-8000-000000000001',
    stage: 'qa',
    status: 'pending',
    decision: null,
    started_at: null,
    finished_at: null
  },
  {
    id: '58f2e6d3-14ff-4cf3-9bfd-d01c9cddb54e',
    run_id: '00000000-0000-4000-8000-000000000001',
    stage: 'security',
    status: 'pending',
    decision: null,
    started_at: null,
    finished_at: null
  },
  {
    id: 'd1e343f3-d347-4364-b502-1bc143a419cd',
    run_id: '00000000-0000-4000-8000-000000000001',
    stage: 'devops',
    status: 'pending',
    decision: null,
    started_at: null,
    finished_at: null
  },
  {
    id: '48277a60-46ec-4248-8406-6465356ed2af',
    run_id: '00000000-0000-4000-8000-000000000001',
    stage: 'docs',
    status: 'pending',
    decision: null,
    started_at: null,
    finished_at: null
  }
]
 GET /runs/demo-run-001 200 in 60ms
 GET /runs/unknown-run 404 in 56ms

> @fora/forge@0.1.0 dev /home/arunachalam.v@knackforge.com/.paperclip/instances/default/projects/3fde3945-9dcb-4c43-95b3-4e4e9db6ffe9/bb09220b-5ed2-47b3-9c58-d3e05cefb413/_default/apps/forge
> next dev -p ${FORA_FORGE_PORT:-3000} -H ${FORA_FORGE_HOST:-0.0.0.0}

   ▲ Next.js 15.0.3
   - Local:        http://localhost:3000
   - Network:      http://0.0.0.0:3000

 ✓ Starting...
 ✓ Ready in 1961ms
 ○ Compiling /healthz ...
 ✓ Compiled /healthz in 1748ms (317 modules)
 GET /healthz 200 in 1886ms
 GET /healthz 200 in 30ms
 ○ Compiling /personas/pm ...
 ✓ Compiled /personas/pm in 7s (648 modules)
 GET /personas/pm 200 in 7317ms
 ✓ Compiled / in 401ms (650 modules)
 GET / 200 in 586ms
 ✓ Compiled /api/persona in 186ms (638 modules)
 POST /api/persona 200 in 217ms
 GET /personas/pm 200 in 47ms
 POST /api/persona 200 in 9ms
 ✓ Compiled /personas/eng-lead in 387ms (658 modules)
 GET /personas/eng-lead 200 in 561ms
 POST /api/persona 200 in 25ms
 ✓ Compiled /personas/cto in 336ms (660 modules)
 GET /personas/cto 200 in 452ms
 ✓ Compiled /runs/[id] in 408ms (681 modules)
DEBUG indexStages rows: [
  {
    id: '0de3f39a-f417-4881-a505-dba032f96076',
    run_id: '00000000-0000-4000-8000-000000000001',
    stage: 'ideation',
    status: 'succeeded',
    decision: null,
    started_at: '2026-06-20T19:54:06.647Z',
    finished_at: '2026-06-20T19:54:06.647Z'
  },
  {
    id: '42f9a434-b4c6-4169-8773-0c33cd949e4e',
    run_id: '00000000-0000-4000-8000-000000000001',
    stage: 'architect',
    status: 'in_progress',
    decision: null,
    started_at: '2026-06-20T19:54:06.647Z',
    finished_at: null
  },
  {
    id: 'fc161a11-3ef6-4722-85a8-a0db3f0d16c4',
    run_id: '00000000-0000-4000-8000-000000000001',
    stage: 'dev',
    status: 'pending',
    decision: null,
    started_at: null,
    finished_at: null
  },
  {
    id: '35b356c3-18cc-4594-a376-6a93dc01ccaf',
    run_id: '00000000-0000-4000-8000-000000000001',
    stage: 'qa',
    status: 'pending',
    decision: null,
    started_at: null,
    finished_at: null
  },
  {
    id: '58f2e6d3-14ff-4cf3-9bfd-d01c9cddb54e',
    run_id: '00000000-0000-4000-8000-000000000001',
    stage: 'security',
    status: 'pending',
    decision: null,
    started_at: null,
    finished_at: null
  },
  {
    id: 'd1e343f3-d347-4364-b502-1bc143a419cd',
    run_id: '00000000-0000-4000-8000-000000000001',
    stage: 'devops',
    status: 'pending',
    decision: null,
    started_at: null,
    finished_at: null
  },
  {
    id: '48277a60-46ec-4248-8406-6465356ed2af',
    run_id: '00000000-0000-4000-8000-000000000001',
    stage: 'docs',
    status: 'pending',
    decision: null,
    started_at: null,
    finished_at: null
  }
]
 GET /runs/demo-run-001 200 in 1141ms
DEBUG indexStages rows: [
  {
    id: '0de3f39a-f417-4881-a505-dba032f96076',
    run_id: '00000000-0000-4000-8000-000000000001',
    stage: 'ideation',
    status: 'succeeded',
    decision: null,
    started_at: '2026-06-20T19:54:06.647Z',
    finished_at: '2026-06-20T19:54:06.647Z'
  },
  {
    id: '42f9a434-b4c6-4169-8773-0c33cd949e4e',
    run_id: '00000000-0000-4000-8000-000000000001',
    stage: 'architect',
    status: 'in_progress',
    decision: null,
    started_at: '2026-06-20T19:54:06.647Z',
    finished_at: null
  },
  {
    id: 'fc161a11-3ef6-4722-85a8-a0db3f0d16c4',
    run_id: '00000000-0000-4000-8000-000000000001',
    stage: 'dev',
    status: 'pending',
    decision: null,
    started_at: null,
    finished_at: null
  },
  {
    id: '35b356c3-18cc-4594-a376-6a93dc01ccaf',
    run_id: '00000000-0000-4000-8000-000000000001',
    stage: 'qa',
    status: 'pending',
    decision: null,
    started_at: null,
    finished_at: null
  },
  {
    id: '58f2e6d3-14ff-4cf3-9bfd-d01c9cddb54e',
    run_id: '00000000-0000-4000-8000-000000000001',
    stage: 'security',
    status: 'pending',
    decision: null,
    started_at: null,
    finished_at: null
  },
  {
    id: 'd1e343f3-d347-4364-b502-1bc143a419cd',
    run_id: '00000000-0000-4000-8000-000000000001',
    stage: 'devops',
    status: 'pending',
    decision: null,
    started_at: null,
    finished_at: null
  },
  {
    id: '48277a60-46ec-4248-8406-6465356ed2af',
    run_id: '00000000-0000-4000-8000-000000000001',
    stage: 'docs',
    status: 'pending',
    decision: null,
    started_at: null,
    finished_at: null
  }
]
 GET /runs/demo-run-001 200 in 76ms
DEBUG indexStages rows: [
  {
    id: '0de3f39a-f417-4881-a505-dba032f96076',
    run_id: '00000000-0000-4000-8000-000000000001',
    stage: 'ideation',
    status: 'succeeded',
    decision: null,
    started_at: '2026-06-20T19:54:06.647Z',
    finished_at: '2026-06-20T19:54:06.647Z'
  },
  {
    id: '42f9a434-b4c6-4169-8773-0c33cd949e4e',
    run_id: '00000000-0000-4000-8000-000000000001',
    stage: 'architect',
    status: 'in_progress',
    decision: null,
    started_at: '2026-06-20T19:54:06.647Z',
    finished_at: null
  },
  {
    id: 'fc161a11-3ef6-4722-85a8-a0db3f0d16c4',
    run_id: '00000000-0000-4000-8000-000000000001',
    stage: 'dev',
    status: 'pending',
    decision: null,
    started_at: null,
    finished_at: null
  },
  {
    id: '35b356c3-18cc-4594-a376-6a93dc01ccaf',
    run_id: '00000000-0000-4000-8000-000000000001',
    stage: 'qa',
    status: 'pending',
    decision: null,
    started_at: null,
    finished_at: null
  },
  {
    id: '58f2e6d3-14ff-4cf3-9bfd-d01c9cddb54e',
    run_id: '00000000-0000-4000-8000-000000000001',
    stage: 'security',
    status: 'pending',
    decision: null,
    started_at: null,
    finished_at: null
  },
  {
    id: 'd1e343f3-d347-4364-b502-1bc143a419cd',
    run_id: '00000000-0000-4000-8000-000000000001',
    stage: 'devops',
    status: 'pending',
    decision: null,
    started_at: null,
    finished_at: null
  },
  {
    id: '48277a60-46ec-4248-8406-6465356ed2af',
    run_id: '00000000-0000-4000-8000-000000000001',
    stage: 'docs',
    status: 'pending',
    decision: null,
    started_at: null,
    finished_at: null
  }
]
 GET /runs/demo-run-001 200 in 47ms
 GET /runs/unknown-run 404 in 43ms

> @fora/forge@0.1.0 dev /home/arunachalam.v@knackforge.com/.paperclip/instances/default/projects/3fde3945-9dcb-4c43-95b3-4e4e9db6ffe9/bb09220b-5ed2-47b3-9c58-d3e05cefb413/_default/apps/forge
> next dev -p ${FORA_FORGE_PORT:-3000} -H ${FORA_FORGE_HOST:-0.0.0.0}

   ▲ Next.js 15.0.3
   - Local:        http://localhost:3000
   - Network:      http://0.0.0.0:3000

 ✓ Starting...
 ✓ Ready in 1670ms
 ○ Compiling /healthz ...
 ✓ Compiled /healthz in 1713ms (317 modules)
 GET /healthz 200 in 15ms
 GET /healthz 200 in 42ms
 ○ Compiling /personas/pm ...
 ✓ Compiled /personas/pm in 5.7s (648 modules)
 GET /personas/pm 200 in 5962ms
 ✓ Compiled / in 490ms (650 modules)
 GET / 200 in 592ms
 ✓ Compiled /api/persona in 258ms (638 modules)
 POST /api/persona 200 in 311ms
 GET /personas/pm 200 in 45ms
 POST /api/persona 200 in 10ms
 ✓ Compiled /personas/eng-lead in 407ms (658 modules)
 GET /personas/eng-lead 200 in 549ms
 POST /api/persona 200 in 16ms
 ✓ Compiled /personas/cto in 247ms (660 modules)
 GET /personas/cto 200 in 354ms
 ✓ Compiled /runs/[id] in 327ms (681 modules)
DEBUG indexStages rows: [
  {
    id: '0de3f39a-f417-4881-a505-dba032f96076',
    run_id: '00000000-0000-4000-8000-000000000001',
    stage: 'ideation',
    status: 'approved',
    decision: null,
    started_at: '2026-06-20T19:54:06.647Z',
    finished_at: '2026-06-20T19:54:06.647Z'
  },
  {
    id: '42f9a434-b4c6-4169-8773-0c33cd949e4e',
    run_id: '00000000-0000-4000-8000-000000000001',
    stage: 'architect',
    status: 'running',
    decision: null,
    started_at: '2026-06-20T19:54:06.647Z',
    finished_at: null
  },
  {
    id: 'fc161a11-3ef6-4722-85a8-a0db3f0d16c4',
    run_id: '00000000-0000-4000-8000-000000000001',
    stage: 'dev',
    status: 'pending',
    decision: null,
    started_at: null,
    finished_at: null
  },
  {
    id: '35b356c3-18cc-4594-a376-6a93dc01ccaf',
    run_id: '00000000-0000-4000-8000-000000000001',
    stage: 'qa',
    status: 'pending',
    decision: null,
    started_at: null,
    finished_at: null
  },
  {
    id: '58f2e6d3-14ff-4cf3-9bfd-d01c9cddb54e',
    run_id: '00000000-0000-4000-8000-000000000001',
    stage: 'security',
    status: 'pending',
    decision: null,
    started_at: null,
    finished_at: null
  },
  {
    id: 'd1e343f3-d347-4364-b502-1bc143a419cd',
    run_id: '00000000-0000-4000-8000-000000000001',
    stage: 'devops',
    status: 'pending',
    decision: null,
    started_at: null,
    finished_at: null
  },
  {
    id: '48277a60-46ec-4248-8406-6465356ed2af',
    run_id: '00000000-0000-4000-8000-000000000001',
    stage: 'docs',
    status: 'pending',
    decision: null,
    started_at: null,
    finished_at: null
  }
]
 GET /runs/demo-run-001 200 in 887ms
DEBUG indexStages rows: [
  {
    id: '0de3f39a-f417-4881-a505-dba032f96076',
    run_id: '00000000-0000-4000-8000-000000000001',
    stage: 'ideation',
    status: 'approved',
    decision: null,
    started_at: '2026-06-20T19:54:06.647Z',
    finished_at: '2026-06-20T19:54:06.647Z'
  },
  {
    id: '42f9a434-b4c6-4169-8773-0c33cd949e4e',
    run_id: '00000000-0000-4000-8000-000000000001',
    stage: 'architect',
    status: 'running',
    decision: null,
    started_at: '2026-06-20T19:54:06.647Z',
    finished_at: null
  },
  {
    id: 'fc161a11-3ef6-4722-85a8-a0db3f0d16c4',
    run_id: '00000000-0000-4000-8000-000000000001',
    stage: 'dev',
    status: 'pending',
    decision: null,
    started_at: null,
    finished_at: null
  },
  {
    id: '35b356c3-18cc-4594-a376-6a93dc01ccaf',
    run_id: '00000000-0000-4000-8000-000000000001',
    stage: 'qa',
    status: 'pending',
    decision: null,
    started_at: null,
    finished_at: null
  },
  {
    id: '58f2e6d3-14ff-4cf3-9bfd-d01c9cddb54e',
    run_id: '00000000-0000-4000-8000-000000000001',
    stage: 'security',
    status: 'pending',
    decision: null,
    started_at: null,
    finished_at: null
  },
  {
    id: 'd1e343f3-d347-4364-b502-1bc143a419cd',
    run_id: '00000000-0000-4000-8000-000000000001',
    stage: 'devops',
    status: 'pending',
    decision: null,
    started_at: null,
    finished_at: null
  },
  {
    id: '48277a60-46ec-4248-8406-6465356ed2af',
    run_id: '00000000-0000-4000-8000-000000000001',
    stage: 'docs',
    status: 'pending',
    decision: null,
    started_at: null,
    finished_at: null
  }
]
 GET /runs/demo-run-001 200 in 76ms
DEBUG indexStages rows: [
  {
    id: '0de3f39a-f417-4881-a505-dba032f96076',
    run_id: '00000000-0000-4000-8000-000000000001',
    stage: 'ideation',
    status: 'approved',
    decision: null,
    started_at: '2026-06-20T19:54:06.647Z',
    finished_at: '2026-06-20T19:54:06.647Z'
  },
  {
    id: '42f9a434-b4c6-4169-8773-0c33cd949e4e',
    run_id: '00000000-0000-4000-8000-000000000001',
    stage: 'architect',
    status: 'running',
    decision: null,
    started_at: '2026-06-20T19:54:06.647Z',
    finished_at: null
  },
  {
    id: 'fc161a11-3ef6-4722-85a8-a0db3f0d16c4',
    run_id: '00000000-0000-4000-8000-000000000001',
    stage: 'dev',
    status: 'pending',
    decision: null,
    started_at: null,
    finished_at: null
  },
  {
    id: '35b356c3-18cc-4594-a376-6a93dc01ccaf',
    run_id: '00000000-0000-4000-8000-000000000001',
    stage: 'qa',
    status: 'pending',
    decision: null,
    started_at: null,
    finished_at: null
  },
  {
    id: '58f2e6d3-14ff-4cf3-9bfd-d01c9cddb54e',
    run_id: '00000000-0000-4000-8000-000000000001',
    stage: 'security',
    status: 'pending',
    decision: null,
    started_at: null,
    finished_at: null
  },
  {
    id: 'd1e343f3-d347-4364-b502-1bc143a419cd',
    run_id: '00000000-0000-4000-8000-000000000001',
    stage: 'devops',
    status: 'pending',
    decision: null,
    started_at: null,
    finished_at: null
  },
  {
    id: '48277a60-46ec-4248-8406-6465356ed2af',
    run_id: '00000000-0000-4000-8000-000000000001',
    stage: 'docs',
    status: 'pending',
    decision: null,
    started_at: null,
    finished_at: null
  }
]
 GET /runs/demo-run-001 200 in 54ms
 GET /runs/unknown-run 404 in 23ms

> @fora/forge@0.1.0 dev /home/arunachalam.v@knackforge.com/.paperclip/instances/default/projects/3fde3945-9dcb-4c43-95b3-4e4e9db6ffe9/bb09220b-5ed2-47b3-9c58-d3e05cefb413/_default/apps/forge
> next dev -p ${FORA_FORGE_PORT:-3000} -H ${FORA_FORGE_HOST:-0.0.0.0}

   ▲ Next.js 15.0.3
   - Local:        http://localhost:3000
   - Network:      http://0.0.0.0:3000

 ✓ Starting...
 ✓ Ready in 2.1s
 ○ Compiling /healthz ...
 ✓ Compiled /healthz in 3.6s (317 modules)
 GET /healthz 200 in 1209ms
 GET /healthz 200 in 26ms
 ○ Compiling /personas/pm ...
 ✓ Compiled /personas/pm in 5.9s (648 modules)
 GET /personas/pm 200 in 6115ms
 ✓ Compiled / in 344ms (650 modules)
 GET / 200 in 445ms
 ✓ Compiled /api/persona in 209ms (638 modules)
 POST /api/persona 200 in 250ms
 GET /personas/pm 200 in 46ms
 POST /api/persona 200 in 10ms
 ✓ Compiled /personas/eng-lead in 353ms (658 modules)
 GET /personas/eng-lead 200 in 517ms
 POST /api/persona 200 in 24ms
 ✓ Compiled /personas/cto in 278ms (660 modules)
 GET /personas/cto 200 in 383ms
 ○ Compiling /runs/[id] ...
 ✓ Compiled /runs/[id] in 643ms (647 modules)
DEBUG indexStages rows: [
  {
    id: '0de3f39a-f417-4881-a505-dba032f96076',
    run_id: '00000000-0000-4000-8000-000000000001',
    stage: 'ideation',
    status: 'approved',
    decision: null,
    started_at: '2026-06-20T19:54:06.647Z',
    finished_at: '2026-06-20T19:54:06.647Z'
  },
  {
    id: '42f9a434-b4c6-4169-8773-0c33cd949e4e',
    run_id: '00000000-0000-4000-8000-000000000001',
    stage: 'architect',
    status: 'running',
    decision: null,
    started_at: '2026-06-20T19:54:06.647Z',
    finished_at: null
  },
  {
    id: 'fc161a11-3ef6-4722-85a8-a0db3f0d16c4',
    run_id: '00000000-0000-4000-8000-000000000001',
    stage: 'dev',
    status: 'pending',
    decision: null,
    started_at: null,
    finished_at: null
  },
  {
    id: '35b356c3-18cc-4594-a376-6a93dc01ccaf',
    run_id: '00000000-0000-4000-8000-000000000001',
    stage: 'qa',
    status: 'pending',
    decision: null,
    started_at: null,
    finished_at: null
  },
  {
    id: '58f2e6d3-14ff-4cf3-9bfd-d01c9cddb54e',
    run_id: '00000000-0000-4000-8000-000000000001',
    stage: 'security',
    status: 'pending',
    decision: null,
    started_at: null,
    finished_at: null
  },
  {
    id: 'd1e343f3-d347-4364-b502-1bc143a419cd',
    run_id: '00000000-0000-4000-8000-000000000001',
    stage: 'devops',
    status: 'pending',
    decision: null,
    started_at: null,
    finished_at: null
  },
  {
    id: '48277a60-46ec-4248-8406-6465356ed2af',
    run_id: '00000000-0000-4000-8000-000000000001',
    stage: 'docs',
    status: 'pending',
    decision: null,
    started_at: null,
    finished_at: null
  }
]
 GET /runs/demo-run-001 200 in 1484ms
DEBUG indexStages rows: [
  {
    id: '0de3f39a-f417-4881-a505-dba032f96076',
    run_id: '00000000-0000-4000-8000-000000000001',
    stage: 'ideation',
    status: 'approved',
    decision: null,
    started_at: '2026-06-20T19:54:06.647Z',
    finished_at: '2026-06-20T19:54:06.647Z'
  },
  {
    id: '42f9a434-b4c6-4169-8773-0c33cd949e4e',
    run_id: '00000000-0000-4000-8000-000000000001',
    stage: 'architect',
    status: 'running',
    decision: null,
    started_at: '2026-06-20T19:54:06.647Z',
    finished_at: null
  },
  {
    id: 'fc161a11-3ef6-4722-85a8-a0db3f0d16c4',
    run_id: '00000000-0000-4000-8000-000000000001',
    stage: 'dev',
    status: 'pending',
    decision: null,
    started_at: null,
    finished_at: null
  },
  {
    id: '35b356c3-18cc-4594-a376-6a93dc01ccaf',
    run_id: '00000000-0000-4000-8000-000000000001',
    stage: 'qa',
    status: 'pending',
    decision: null,
    started_at: null,
    finished_at: null
  },
  {
    id: '58f2e6d3-14ff-4cf3-9bfd-d01c9cddb54e',
    run_id: '00000000-0000-4000-8000-000000000001',
    stage: 'security',
    status: 'pending',
    decision: null,
    started_at: null,
    finished_at: null
  },
  {
    id: 'd1e343f3-d347-4364-b502-1bc143a419cd',
    run_id: '00000000-0000-4000-8000-000000000001',
    stage: 'devops',
    status: 'pending',
    decision: null,
    started_at: null,
    finished_at: null
  },
  {
    id: '48277a60-46ec-4248-8406-6465356ed2af',
    run_id: '00000000-0000-4000-8000-000000000001',
    stage: 'docs',
    status: 'pending',
    decision: null,
    started_at: null,
    finished_at: null
  }
]
 GET /runs/demo-run-001 200 in 41ms
DEBUG indexStages rows: [
  {
    id: '0de3f39a-f417-4881-a505-dba032f96076',
    run_id: '00000000-0000-4000-8000-000000000001',
    stage: 'ideation',
    status: 'approved',
    decision: null,
    started_at: '2026-06-20T19:54:06.647Z',
    finished_at: '2026-06-20T19:54:06.647Z'
  },
  {
    id: '42f9a434-b4c6-4169-8773-0c33cd949e4e',
    run_id: '00000000-0000-4000-8000-000000000001',
    stage: 'architect',
    status: 'running',
    decision: null,
    started_at: '2026-06-20T19:54:06.647Z',
    finished_at: null
  },
  {
    id: 'fc161a11-3ef6-4722-85a8-a0db3f0d16c4',
    run_id: '00000000-0000-4000-8000-000000000001',
    stage: 'dev',
    status: 'pending',
    decision: null,
    started_at: null,
    finished_at: null
  },
  {
    id: '35b356c3-18cc-4594-a376-6a93dc01ccaf',
    run_id: '00000000-0000-4000-8000-000000000001',
    stage: 'qa',
    status: 'pending',
    decision: null,
    started_at: null,
    finished_at: null
  },
  {
    id: '58f2e6d3-14ff-4cf3-9bfd-d01c9cddb54e',
    run_id: '00000000-0000-4000-8000-000000000001',
    stage: 'security',
    status: 'pending',
    decision: null,
    started_at: null,
    finished_at: null
  },
  {
    id: 'd1e343f3-d347-4364-b502-1bc143a419cd',
    run_id: '00000000-0000-4000-8000-000000000001',
    stage: 'devops',
    status: 'pending',
    decision: null,
    started_at: null,
    finished_at: null
  },
  {
    id: '48277a60-46ec-4248-8406-6465356ed2af',
    run_id: '00000000-0000-4000-8000-000000000001',
    stage: 'docs',
    status: 'pending',
    decision: null,
    started_at: null,
    finished_at: null
  }
]
 GET /runs/demo-run-001 200 in 15ms
 GET /runs/unknown-run 404 in 14ms
