[     135ms] [LOG] [Fast Refresh] rebuilding @ http://localhost:3000/_next/static/chunks/1q-u_next_dist_1ltgyr_._.js:2477
[     179ms] [LOG] [Fast Refresh] done in 143ms @ http://localhost:3000/_next/static/chunks/1q-u_next_dist_1ltgyr_._.js:2477
[     618ms] [INFO] %cDownload the React DevTools for a better development experience: https://react.dev/link/react-devtools font-weight:bold @ http://localhost:3000/_next/static/chunks/1q-u_next_dist_1ltgyr_._.js:2477
[     716ms] [LOG] [HMR] connected @ http://localhost:3000/_next/static/chunks/1q-u_next_dist_1ltgyr_._.js:2477
[    1086ms] [ERROR] Failed to load resource: the server responded with a status of 404 (Not Found) @ http://localhost:4000/v1/ideation/ingest/status:0
[    1145ms] [ERROR] Failed to load resource: the server responded with a status of 502 (Bad Gateway) @ http://localhost:3000/api/proxy/v1/ideation/ideas:0
[    1182ms] [ERROR] Failed to load resource: the server responded with a status of 502 (Bad Gateway) @ http://localhost:3000/api/proxy/v1/ideation/roadmap:0
[    1182ms] [ERROR] Failed to load resource: the server responded with a status of 502 (Bad Gateway) @ http://localhost:3000/api/proxy/v1/ideation/prds:0
[    1183ms] [ERROR] Failed to load resource: the server responded with a status of 502 (Bad Gateway) @ http://localhost:3000/api/proxy/v1/ideation/arch-previews:0
[    1183ms] [ERROR] Failed to load resource: the server responded with a status of 502 (Bad Gateway) @ http://localhost:3000/api/proxy/v1/ideation/approvals:0
[    2101ms] [ERROR] Failed to load resource: the server responded with a status of 404 (Not Found) @ http://localhost:4000/v1/ideation/ingest/status:0
[    7377ms] [LOG] [Fast Refresh] rebuilding @ http://localhost:3000/_next/static/chunks/1q-u_next_dist_1ltgyr_._.js:2477
[    7897ms] [LOG] [Fast Refresh] done in 604ms @ http://localhost:3000/_next/static/chunks/1q-u_next_dist_1ltgyr_._.js:2477
[   21052ms] [LOG] [Fast Refresh] rebuilding @ http://localhost:3000/_next/static/chunks/1q-u_next_dist_1ltgyr_._.js:2477
[   21855ms] [LOG] [Fast Refresh] done in 884ms @ http://localhost:3000/_next/static/chunks/1q-u_next_dist_1ltgyr_._.js:2477
[   32112ms] [ERROR] Failed to load resource: the server responded with a status of 404 (Not Found) @ http://localhost:4000/v1/ideation/ingest/status:0
[   33121ms] [ERROR] Failed to load resource: the server responded with a status of 404 (Not Found) @ http://localhost:4000/v1/ideation/ingest/status:0
[   63130ms] [ERROR] Failed to load resource: the server responded with a status of 404 (Not Found) @ http://localhost:4000/v1/ideation/ingest/status:0
[   64143ms] [ERROR] Failed to load resource: the server responded with a status of 404 (Not Found) @ http://localhost:4000/v1/ideation/ingest/status:0
[   94156ms] [ERROR] Failed to load resource: the server responded with a status of 404 (Not Found) @ http://localhost:4000/v1/ideation/ingest/status:0
[   95166ms] [ERROR] Failed to load resource: the server responded with a status of 404 (Not Found) @ http://localhost:4000/v1/ideation/ingest/status:0
[  125178ms] [ERROR] Failed to load resource: the server responded with a status of 404 (Not Found) @ http://localhost:4000/v1/ideation/ingest/status:0
[  126189ms] [ERROR] Failed to load resource: the server responded with a status of 404 (Not Found) @ http://localhost:4000/v1/ideation/ingest/status:0
[  156202ms] [ERROR] Failed to load resource: the server responded with a status of 404 (Not Found) @ http://localhost:4000/v1/ideation/ingest/status:0
[  157214ms] [ERROR] Failed to load resource: the server responded with a status of 404 (Not Found) @ http://localhost:4000/v1/ideation/ingest/status:0
[  187227ms] [ERROR] Failed to load resource: the server responded with a status of 404 (Not Found) @ http://localhost:4000/v1/ideation/ingest/status:0
[  188236ms] [ERROR] Failed to load resource: the server responded with a status of 404 (Not Found) @ http://localhost:4000/v1/ideation/ingest/status:0
[  218251ms] [ERROR] Failed to load resource: the server responded with a status of 404 (Not Found) @ http://localhost:4000/v1/ideation/ingest/status:0
[  219262ms] [ERROR] Failed to load resource: the server responded with a status of 404 (Not Found) @ http://localhost:4000/v1/ideation/ingest/status:0
[  249274ms] [ERROR] Failed to load resource: the server responded with a status of 404 (Not Found) @ http://localhost:4000/v1/ideation/ingest/status:0
[  250281ms] [ERROR] Failed to load resource: the server responded with a status of 404 (Not Found) @ http://localhost:4000/v1/ideation/ingest/status:0
[  280292ms] [ERROR] Failed to load resource: the server responded with a status of 404 (Not Found) @ http://localhost:4000/v1/ideation/ingest/status:0
[  281300ms] [ERROR] Failed to load resource: the server responded with a status of 404 (Not Found) @ http://localhost:4000/v1/ideation/ingest/status:0
[  311311ms] [ERROR] Failed to load resource: the server responded with a status of 404 (Not Found) @ http://localhost:4000/v1/ideation/ingest/status:0
[  312319ms] [ERROR] Failed to load resource: the server responded with a status of 404 (Not Found) @ http://localhost:4000/v1/ideation/ingest/status:0
[  342331ms] [ERROR] Failed to load resource: the server responded with a status of 404 (Not Found) @ http://localhost:4000/v1/ideation/ingest/status:0
[  343341ms] [ERROR] Failed to load resource: the server responded with a status of 404 (Not Found) @ http://localhost:4000/v1/ideation/ingest/status:0
[  373352ms] [ERROR] Failed to load resource: the server responded with a status of 404 (Not Found) @ http://localhost:4000/v1/ideation/ingest/status:0
[  374362ms] [ERROR] Failed to load resource: the server responded with a status of 404 (Not Found) @ http://localhost:4000/v1/ideation/ingest/status:0
[  404372ms] [ERROR] Failed to load resource: the server responded with a status of 404 (Not Found) @ http://localhost:4000/v1/ideation/ingest/status:0
[  405379ms] [ERROR] Failed to load resource: the server responded with a status of 404 (Not Found) @ http://localhost:4000/v1/ideation/ingest/status:0
[  435391ms] [ERROR] Failed to load resource: the server responded with a status of 404 (Not Found) @ http://localhost:4000/v1/ideation/ingest/status:0
[  436403ms] [ERROR] Failed to load resource: the server responded with a status of 404 (Not Found) @ http://localhost:4000/v1/ideation/ingest/status:0
[  466412ms] [ERROR] Failed to load resource: the server responded with a status of 404 (Not Found) @ http://localhost:4000/v1/ideation/ingest/status:0
[  467425ms] [ERROR] Failed to load resource: the server responded with a status of 404 (Not Found) @ http://localhost:4000/v1/ideation/ingest/status:0
[  497438ms] [ERROR] Failed to load resource: the server responded with a status of 404 (Not Found) @ http://localhost:4000/v1/ideation/ingest/status:0
[  498449ms] [ERROR] Failed to load resource: the server responded with a status of 404 (Not Found) @ http://localhost:4000/v1/ideation/ingest/status:0
[  528459ms] [ERROR] Failed to load resource: the server responded with a status of 404 (Not Found) @ http://localhost:4000/v1/ideation/ingest/status:0
[  529466ms] [ERROR] Failed to load resource: the server responded with a status of 404 (Not Found) @ http://localhost:4000/v1/ideation/ingest/status:0
[  559477ms] [ERROR] Failed to load resource: the server responded with a status of 404 (Not Found) @ http://localhost:4000/v1/ideation/ingest/status:0
[  560486ms] [ERROR] Failed to load resource: the server responded with a status of 404 (Not Found) @ http://localhost:4000/v1/ideation/ingest/status:0
[  590496ms] [ERROR] Failed to load resource: the server responded with a status of 404 (Not Found) @ http://localhost:4000/v1/ideation/ingest/status:0
[  591507ms] [ERROR] Failed to load resource: the server responded with a status of 404 (Not Found) @ http://localhost:4000/v1/ideation/ingest/status:0
[  621523ms] [ERROR] Failed to load resource: the server responded with a status of 404 (Not Found) @ http://localhost:4000/v1/ideation/ingest/status:0
[  622536ms] [ERROR] Failed to load resource: the server responded with a status of 404 (Not Found) @ http://localhost:4000/v1/ideation/ingest/status:0
[  652548ms] [ERROR] Failed to load resource: the server responded with a status of 404 (Not Found) @ http://localhost:4000/v1/ideation/ingest/status:0
[  653556ms] [ERROR] Failed to load resource: the server responded with a status of 404 (Not Found) @ http://localhost:4000/v1/ideation/ingest/status:0
[  683569ms] [ERROR] Failed to load resource: the server responded with a status of 404 (Not Found) @ http://localhost:4000/v1/ideation/ingest/status:0
[  684578ms] [ERROR] Failed to load resource: the server responded with a status of 404 (Not Found) @ http://localhost:4000/v1/ideation/ingest/status:0
[  714589ms] [ERROR] Failed to load resource: the server responded with a status of 404 (Not Found) @ http://localhost:4000/v1/ideation/ingest/status:0
[  715603ms] [ERROR] Failed to load resource: the server responded with a status of 404 (Not Found) @ http://localhost:4000/v1/ideation/ingest/status:0
[  745613ms] [ERROR] Failed to load resource: the server responded with a status of 404 (Not Found) @ http://localhost:4000/v1/ideation/ingest/status:0
[  746620ms] [ERROR] Failed to load resource: the server responded with a status of 404 (Not Found) @ http://localhost:4000/v1/ideation/ingest/status:0
[  776631ms] [ERROR] Failed to load resource: the server responded with a status of 404 (Not Found) @ http://localhost:4000/v1/ideation/ingest/status:0
[  777639ms] [ERROR] Failed to load resource: the server responded with a status of 404 (Not Found) @ http://localhost:4000/v1/ideation/ingest/status:0
[  807660ms] [ERROR] Failed to load resource: the server responded with a status of 404 (Not Found) @ http://localhost:4000/v1/ideation/ingest/status:0
[  808673ms] [ERROR] Failed to load resource: the server responded with a status of 404 (Not Found) @ http://localhost:4000/v1/ideation/ingest/status:0
[  838684ms] [ERROR] Failed to load resource: the server responded with a status of 404 (Not Found) @ http://localhost:4000/v1/ideation/ingest/status:0
[  839696ms] [ERROR] Failed to load resource: the server responded with a status of 404 (Not Found) @ http://localhost:4000/v1/ideation/ingest/status:0
[  869706ms] [ERROR] Failed to load resource: the server responded with a status of 404 (Not Found) @ http://localhost:4000/v1/ideation/ingest/status:0
[  870715ms] [ERROR] Failed to load resource: the server responded with a status of 404 (Not Found) @ http://localhost:4000/v1/ideation/ingest/status:0
[  900725ms] [ERROR] Failed to load resource: the server responded with a status of 404 (Not Found) @ http://localhost:4000/v1/ideation/ingest/status:0
[  901734ms] [ERROR] Failed to load resource: the server responded with a status of 404 (Not Found) @ http://localhost:4000/v1/ideation/ingest/status:0
[  931743ms] [ERROR] Failed to load resource: the server responded with a status of 404 (Not Found) @ http://localhost:4000/v1/ideation/ingest/status:0
[  932752ms] [ERROR] Failed to load resource: the server responded with a status of 404 (Not Found) @ http://localhost:4000/v1/ideation/ingest/status:0
[  962761ms] [ERROR] Failed to load resource: the server responded with a status of 404 (Not Found) @ http://localhost:4000/v1/ideation/ingest/status:0
[  963774ms] [ERROR] Failed to load resource: the server responded with a status of 404 (Not Found) @ http://localhost:4000/v1/ideation/ingest/status:0
[  993786ms] [ERROR] Failed to load resource: the server responded with a status of 404 (Not Found) @ http://localhost:4000/v1/ideation/ingest/status:0
[  994796ms] [ERROR] Failed to load resource: the server responded with a status of 404 (Not Found) @ http://localhost:4000/v1/ideation/ingest/status:0
[ 1024809ms] [ERROR] Failed to load resource: the server responded with a status of 404 (Not Found) @ http://localhost:4000/v1/ideation/ingest/status:0
[ 1025820ms] [ERROR] Failed to load resource: the server responded with a status of 404 (Not Found) @ http://localhost:4000/v1/ideation/ingest/status:0
[ 1055830ms] [ERROR] Failed to load resource: the server responded with a status of 404 (Not Found) @ http://localhost:4000/v1/ideation/ingest/status:0
[ 1056837ms] [ERROR] Failed to load resource: the server responded with a status of 404 (Not Found) @ http://localhost:4000/v1/ideation/ingest/status:0
[ 1086847ms] [ERROR] Failed to load resource: the server responded with a status of 404 (Not Found) @ http://localhost:4000/v1/ideation/ingest/status:0
[ 1087859ms] [ERROR] Failed to load resource: the server responded with a status of 404 (Not Found) @ http://localhost:4000/v1/ideation/ingest/status:0
[ 1117869ms] [ERROR] Failed to load resource: the server responded with a status of 404 (Not Found) @ http://localhost:4000/v1/ideation/ingest/status:0
[ 1118878ms] [ERROR] Failed to load resource: the server responded with a status of 404 (Not Found) @ http://localhost:4000/v1/ideation/ingest/status:0
[ 1148895ms] [ERROR] Failed to load resource: the server responded with a status of 404 (Not Found) @ http://localhost:4000/v1/ideation/ingest/status:0
[ 1149904ms] [ERROR] Failed to load resource: the server responded with a status of 404 (Not Found) @ http://localhost:4000/v1/ideation/ingest/status:0
[ 1179913ms] [ERROR] Failed to load resource: the server responded with a status of 404 (Not Found) @ http://localhost:4000/v1/ideation/ingest/status:0
[ 1180922ms] [ERROR] Failed to load resource: the server responded with a status of 404 (Not Found) @ http://localhost:4000/v1/ideation/ingest/status:0
[ 1210931ms] [ERROR] Failed to load resource: the server responded with a status of 404 (Not Found) @ http://localhost:4000/v1/ideation/ingest/status:0
[ 1211941ms] [ERROR] Failed to load resource: the server responded with a status of 404 (Not Found) @ http://localhost:4000/v1/ideation/ingest/status:0
[ 1241954ms] [ERROR] Failed to load resource: the server responded with a status of 404 (Not Found) @ http://localhost:4000/v1/ideation/ingest/status:0
[ 1242962ms] [ERROR] Failed to load resource: the server responded with a status of 404 (Not Found) @ http://localhost:4000/v1/ideation/ingest/status:0
[ 1272974ms] [ERROR] Failed to load resource: the server responded with a status of 404 (Not Found) @ http://localhost:4000/v1/ideation/ingest/status:0
[ 1273984ms] [ERROR] Failed to load resource: the server responded with a status of 404 (Not Found) @ http://localhost:4000/v1/ideation/ingest/status:0
[ 1303994ms] [ERROR] Failed to load resource: the server responded with a status of 404 (Not Found) @ http://localhost:4000/v1/ideation/ingest/status:0
[ 1305002ms] [ERROR] Failed to load resource: the server responded with a status of 404 (Not Found) @ http://localhost:4000/v1/ideation/ingest/status:0
[ 1335011ms] [ERROR] Failed to load resource: the server responded with a status of 404 (Not Found) @ http://localhost:4000/v1/ideation/ingest/status:0
[ 1336019ms] [ERROR] Failed to load resource: the server responded with a status of 404 (Not Found) @ http://localhost:4000/v1/ideation/ingest/status:0
[ 1366027ms] [ERROR] Failed to load resource: the server responded with a status of 404 (Not Found) @ http://localhost:4000/v1/ideation/ingest/status:0
[ 1367036ms] [ERROR] Failed to load resource: the server responded with a status of 404 (Not Found) @ http://localhost:4000/v1/ideation/ingest/status:0
[ 1397049ms] [ERROR] Failed to load resource: the server responded with a status of 404 (Not Found) @ http://localhost:4000/v1/ideation/ingest/status:0
[ 1398059ms] [ERROR] Failed to load resource: the server responded with a status of 404 (Not Found) @ http://localhost:4000/v1/ideation/ingest/status:0
[ 1428071ms] [ERROR] Failed to load resource: the server responded with a status of 404 (Not Found) @ http://localhost:4000/v1/ideation/ingest/status:0
[ 1429081ms] [ERROR] Failed to load resource: the server responded with a status of 404 (Not Found) @ http://localhost:4000/v1/ideation/ingest/status:0
[ 1459092ms] [ERROR] Failed to load resource: the server responded with a status of 404 (Not Found) @ http://localhost:4000/v1/ideation/ingest/status:0
[ 1460103ms] [ERROR] Failed to load resource: the server responded with a status of 404 (Not Found) @ http://localhost:4000/v1/ideation/ingest/status:0
[ 1490115ms] [ERROR] Failed to load resource: the server responded with a status of 404 (Not Found) @ http://localhost:4000/v1/ideation/ingest/status:0
[ 1491123ms] [ERROR] Failed to load resource: the server responded with a status of 404 (Not Found) @ http://localhost:4000/v1/ideation/ingest/status:0
[ 1521134ms] [ERROR] Failed to load resource: the server responded with a status of 404 (Not Found) @ http://localhost:4000/v1/ideation/ingest/status:0
[ 1522143ms] [ERROR] Failed to load resource: the server responded with a status of 404 (Not Found) @ http://localhost:4000/v1/ideation/ingest/status:0
[ 1552151ms] [ERROR] Failed to load resource: the server responded with a status of 404 (Not Found) @ http://localhost:4000/v1/ideation/ingest/status:0
[ 1553159ms] [ERROR] Failed to load resource: the server responded with a status of 404 (Not Found) @ http://localhost:4000/v1/ideation/ingest/status:0
[ 1583169ms] [ERROR] Failed to load resource: the server responded with a status of 404 (Not Found) @ http://localhost:4000/v1/ideation/ingest/status:0
[ 1584177ms] [ERROR] Failed to load resource: the server responded with a status of 404 (Not Found) @ http://localhost:4000/v1/ideation/ingest/status:0
[ 1614186ms] [ERROR] Failed to load resource: the server responded with a status of 404 (Not Found) @ http://localhost:4000/v1/ideation/ingest/status:0
[ 1615193ms] [ERROR] Failed to load resource: the server responded with a status of 404 (Not Found) @ http://localhost:4000/v1/ideation/ingest/status:0
[ 1645204ms] [ERROR] Failed to load resource: the server responded with a status of 404 (Not Found) @ http://localhost:4000/v1/ideation/ingest/status:0
[ 1646214ms] [ERROR] Failed to load resource: the server responded with a status of 404 (Not Found) @ http://localhost:4000/v1/ideation/ingest/status:0
[ 1676222ms] [ERROR] Failed to load resource: the server responded with a status of 404 (Not Found) @ http://localhost:4000/v1/ideation/ingest/status:0
[ 1677229ms] [ERROR] Failed to load resource: the server responded with a status of 404 (Not Found) @ http://localhost:4000/v1/ideation/ingest/status:0
[ 1707240ms] [ERROR] Failed to load resource: the server responded with a status of 404 (Not Found) @ http://localhost:4000/v1/ideation/ingest/status:0
[ 1708248ms] [ERROR] Failed to load resource: the server responded with a status of 404 (Not Found) @ http://localhost:4000/v1/ideation/ingest/status:0
[ 1738257ms] [ERROR] Failed to load resource: the server responded with a status of 404 (Not Found) @ http://localhost:4000/v1/ideation/ingest/status:0
[ 1739266ms] [ERROR] Failed to load resource: the server responded with a status of 404 (Not Found) @ http://localhost:4000/v1/ideation/ingest/status:0
[ 1769278ms] [ERROR] Failed to load resource: the server responded with a status of 404 (Not Found) @ http://localhost:4000/v1/ideation/ingest/status:0
[ 1770289ms] [ERROR] Failed to load resource: the server responded with a status of 404 (Not Found) @ http://localhost:4000/v1/ideation/ingest/status:0
[ 1800301ms] [ERROR] Failed to load resource: the server responded with a status of 404 (Not Found) @ http://localhost:4000/v1/ideation/ingest/status:0
[ 1801308ms] [ERROR] Failed to load resource: the server responded with a status of 404 (Not Found) @ http://localhost:4000/v1/ideation/ingest/status:0
[ 1831317ms] [ERROR] Failed to load resource: the server responded with a status of 404 (Not Found) @ http://localhost:4000/v1/ideation/ingest/status:0
[ 1832325ms] [ERROR] Failed to load resource: the server responded with a status of 404 (Not Found) @ http://localhost:4000/v1/ideation/ingest/status:0
[ 1862336ms] [ERROR] Failed to load resource: the server responded with a status of 404 (Not Found) @ http://localhost:4000/v1/ideation/ingest/status:0
[ 1863343ms] [ERROR] Failed to load resource: the server responded with a status of 404 (Not Found) @ http://localhost:4000/v1/ideation/ingest/status:0
[ 1893359ms] [ERROR] Failed to load resource: the server responded with a status of 404 (Not Found) @ http://localhost:4000/v1/ideation/ingest/status:0
[ 1894371ms] [ERROR] Failed to load resource: the server responded with a status of 404 (Not Found) @ http://localhost:4000/v1/ideation/ingest/status:0
[ 1924384ms] [ERROR] Failed to load resource: the server responded with a status of 404 (Not Found) @ http://localhost:4000/v1/ideation/ingest/status:0
[ 1925394ms] [ERROR] Failed to load resource: the server responded with a status of 404 (Not Found) @ http://localhost:4000/v1/ideation/ingest/status:0
[ 1955406ms] [ERROR] Failed to load resource: the server responded with a status of 404 (Not Found) @ http://localhost:4000/v1/ideation/ingest/status:0
[ 1956417ms] [ERROR] Failed to load resource: the server responded with a status of 404 (Not Found) @ http://localhost:4000/v1/ideation/ingest/status:0
[ 1986424ms] [ERROR] Failed to load resource: the server responded with a status of 404 (Not Found) @ http://localhost:4000/v1/ideation/ingest/status:0
[ 1987432ms] [ERROR] Failed to load resource: the server responded with a status of 404 (Not Found) @ http://localhost:4000/v1/ideation/ingest/status:0
[ 2017440ms] [ERROR] Failed to load resource: the server responded with a status of 404 (Not Found) @ http://localhost:4000/v1/ideation/ingest/status:0
[ 2018449ms] [ERROR] Failed to load resource: the server responded with a status of 404 (Not Found) @ http://localhost:4000/v1/ideation/ingest/status:0
[ 2048460ms] [ERROR] Failed to load resource: the server responded with a status of 404 (Not Found) @ http://localhost:4000/v1/ideation/ingest/status:0
[ 2049471ms] [ERROR] Failed to load resource: the server responded with a status of 404 (Not Found) @ http://localhost:4000/v1/ideation/ingest/status:0
[ 2079485ms] [ERROR] Failed to load resource: the server responded with a status of 404 (Not Found) @ http://localhost:4000/v1/ideation/ingest/status:0
[ 2080492ms] [ERROR] Failed to load resource: the server responded with a status of 404 (Not Found) @ http://localhost:4000/v1/ideation/ingest/status:0
[ 2110502ms] [ERROR] Failed to load resource: the server responded with a status of 404 (Not Found) @ http://localhost:4000/v1/ideation/ingest/status:0
[ 2111511ms] [ERROR] Failed to load resource: the server responded with a status of 404 (Not Found) @ http://localhost:4000/v1/ideation/ingest/status:0
[ 2141528ms] [ERROR] Failed to load resource: the server responded with a status of 404 (Not Found) @ http://localhost:4000/v1/ideation/ingest/status:0
[ 2142539ms] [ERROR] Failed to load resource: the server responded with a status of 404 (Not Found) @ http://localhost:4000/v1/ideation/ingest/status:0
[ 2171560ms] [ERROR] WebSocket connection to 'ws://localhost:3000/_next/webpack-hmr?id=7ggRvhcEv4zYQixEYK4Cc' failed: Error during WebSocket handshake: net::ERR_CONNECTION_RESET @ http://localhost:3000/_next/static/chunks/1q-u_next_dist_client_19dbsrd._.js:13422
[ 2172557ms] [ERROR] Failed to load resource: net::ERR_SOCKET_NOT_CONNECTED @ http://localhost:4000/v1/ideation/ingest/status:0
[ 2172597ms] [ERROR] WebSocket connection to 'ws://localhost:3000/_next/webpack-hmr?id=7ggRvhcEv4zYQixEYK4Cc' failed: Error in connection establishment: net::ERR_CONNECTION_REFUSED @ http://localhost:3000/_next/static/chunks/1q-u_next_dist_client_19dbsrd._.js:13422
