[     482ms] [INFO] %cDownload the React DevTools for a better development experience: https://react.dev/link/react-devtools font-weight:bold @ http://localhost:3000/_next/static/chunks/1q-u_next_dist_1ltgyr_._.js:2477
[     608ms] [LOG] [HMR] connected @ http://localhost:3000/_next/static/chunks/1q-u_next_dist_1ltgyr_._.js:2477
[    1081ms] [ERROR] Failed to load resource: the server responded with a status of 404 (Not Found) @ http://localhost:4000/v1/ideation/ingest/status:0
[    1176ms] [ERROR] Failed to load resource: the server responded with a status of 502 (Bad Gateway) @ http://localhost:3000/api/proxy/v1/ideation/ideas:0
[    1278ms] [ERROR] Failed to load resource: the server responded with a status of 502 (Bad Gateway) @ http://localhost:3000/api/proxy/v1/ideation/roadmap:0
[    1279ms] [ERROR] Failed to load resource: the server responded with a status of 502 (Bad Gateway) @ http://localhost:3000/api/proxy/v1/ideation/prds:0
[    1279ms] [ERROR] Failed to load resource: the server responded with a status of 502 (Bad Gateway) @ http://localhost:3000/api/proxy/v1/ideation/arch-previews:0
[    1284ms] [ERROR] Failed to load resource: the server responded with a status of 502 (Bad Gateway) @ http://localhost:3000/api/proxy/v1/ideation/approvals:0
[    2094ms] [ERROR] Failed to load resource: the server responded with a status of 404 (Not Found) @ http://localhost:4000/v1/ideation/ingest/status:0
[   26187ms] [LOG] [Fast Refresh] rebuilding @ http://localhost:3000/_next/static/chunks/1q-u_next_dist_1ltgyr_._.js:2477
[   26213ms] [LOG] [Fast Refresh] done in 126ms @ http://localhost:3000/_next/static/chunks/1q-u_next_dist_1ltgyr_._.js:2477
[   32104ms] [ERROR] Failed to load resource: the server responded with a status of 404 (Not Found) @ http://localhost:4000/v1/ideation/ingest/status:0
[   33114ms] [ERROR] Failed to load resource: the server responded with a status of 404 (Not Found) @ http://localhost:4000/v1/ideation/ingest/status:0
[   37379ms] [LOG] [Fast Refresh] rebuilding @ http://localhost:3000/_next/static/chunks/1q-u_next_dist_1ltgyr_._.js:2477
[   38174ms] [LOG] [Fast Refresh] done in 895ms @ http://localhost:3000/_next/static/chunks/1q-u_next_dist_1ltgyr_._.js:2477
[   63126ms] [ERROR] Failed to load resource: the server responded with a status of 404 (Not Found) @ http://localhost:4000/v1/ideation/ingest/status:0
[   64133ms] [ERROR] Failed to load resource: the server responded with a status of 404 (Not Found) @ http://localhost:4000/v1/ideation/ingest/status:0
[   88704ms] [LOG] [Fast Refresh] rebuilding @ http://localhost:3000/_next/static/chunks/1q-u_next_dist_1ltgyr_._.js:2477
[   88741ms] [LOG] [Fast Refresh] done in 137ms @ http://localhost:3000/_next/static/chunks/1q-u_next_dist_1ltgyr_._.js:2477
[   94143ms] [ERROR] Failed to load resource: the server responded with a status of 404 (Not Found) @ http://localhost:4000/v1/ideation/ingest/status:0
[   95151ms] [ERROR] Failed to load resource: the server responded with a status of 404 (Not Found) @ http://localhost:4000/v1/ideation/ingest/status:0
[  125160ms] [ERROR] Failed to load resource: the server responded with a status of 404 (Not Found) @ http://localhost:4000/v1/ideation/ingest/status:0
[  126168ms] [ERROR] Failed to load resource: the server responded with a status of 404 (Not Found) @ http://localhost:4000/v1/ideation/ingest/status:0
[  129232ms] [ERROR] Failed to load resource: the server responded with a status of 502 (Bad Gateway) @ http://localhost:3000/api/proxy/v1/ideation/ideas:0
[  129242ms] [ERROR] Failed to load resource: the server responded with a status of 404 (Not Found) @ http://localhost:4000/v1/ideation/ideas:0
[  129246ms] [ERROR] Failed to load resource: net::ERR_CONNECTION_RESET @ http://localhost:8000/api/v1/ideation/ideas:0
[  134489ms] [ERROR] Failed to load resource: the server responded with a status of 502 (Bad Gateway) @ http://localhost:3000/api/proxy/v1/ideation/ideas:0
[  134496ms] [ERROR] Failed to load resource: the server responded with a status of 404 (Not Found) @ http://localhost:4000/v1/ideation/ideas:0
[  156181ms] [ERROR] Failed to load resource: the server responded with a status of 404 (Not Found) @ http://localhost:4000/v1/ideation/ingest/status:0
[  157192ms] [ERROR] Failed to load resource: the server responded with a status of 404 (Not Found) @ http://localhost:4000/v1/ideation/ingest/status:0
[  187199ms] [ERROR] Failed to load resource: the server responded with a status of 404 (Not Found) @ http://localhost:4000/v1/ideation/ingest/status:0
[  188206ms] [ERROR] Failed to load resource: the server responded with a status of 404 (Not Found) @ http://localhost:4000/v1/ideation/ingest/status:0
[  218218ms] [ERROR] Failed to load resource: the server responded with a status of 404 (Not Found) @ http://localhost:4000/v1/ideation/ingest/status:0
[  219227ms] [ERROR] Failed to load resource: the server responded with a status of 404 (Not Found) @ http://localhost:4000/v1/ideation/ingest/status:0
[  225973ms] [LOG] [Fast Refresh] rebuilding @ http://localhost:3000/_next/static/chunks/1q-u_next_dist_1ltgyr_._.js:2477
[  227347ms] [LOG] [Fast Refresh] done in 1474ms @ http://localhost:3000/_next/static/chunks/1q-u_next_dist_1ltgyr_._.js:2477
[  227483ms] [LOG] [Fast Refresh] rebuilding @ http://localhost:3000/_next/static/chunks/1q-u_next_dist_1ltgyr_._.js:2477
[  227497ms] [LOG] [Fast Refresh] done in 114ms @ http://localhost:3000/_next/static/chunks/1q-u_next_dist_1ltgyr_._.js:2477
[  227874ms] [LOG] [Fast Refresh] rebuilding @ http://localhost:3000/_next/static/chunks/1q-u_next_dist_1ltgyr_._.js:2477
[  227970ms] [LOG] [Fast Refresh] done in 196ms @ http://localhost:3000/_next/static/chunks/1q-u_next_dist_1ltgyr_._.js:2477
[  232815ms] [LOG] [Fast Refresh] rebuilding @ http://localhost:3000/_next/static/chunks/1q-u_next_dist_1ltgyr_._.js:2477
[  233774ms] [LOG] [Fast Refresh] done in 1059ms @ http://localhost:3000/_next/static/chunks/1q-u_next_dist_1ltgyr_._.js:2477
[  233925ms] [LOG] [Fast Refresh] rebuilding @ http://localhost:3000/_next/static/chunks/1q-u_next_dist_1ltgyr_._.js:2477
[  233938ms] [LOG] [Fast Refresh] done in 113ms @ http://localhost:3000/_next/static/chunks/1q-u_next_dist_1ltgyr_._.js:2477
[  234226ms] [LOG] [Fast Refresh] rebuilding @ http://localhost:3000/_next/static/chunks/1q-u_next_dist_1ltgyr_._.js:2477
[  234253ms] [LOG] [Fast Refresh] done in 127ms @ http://localhost:3000/_next/static/chunks/1q-u_next_dist_1ltgyr_._.js:2477
[  249239ms] [ERROR] Failed to load resource: the server responded with a status of 404 (Not Found) @ http://localhost:4000/v1/ideation/ingest/status:0
[  250251ms] [ERROR] Failed to load resource: the server responded with a status of 404 (Not Found) @ http://localhost:4000/v1/ideation/ingest/status:0
